Using pre-set license
Built from '2021.2/staging' branch; Version is '2021.2.7f1 (6bd9e232123f) revision 7068130'; Using compiler version '192829333'; Build Type 'Release'
OS: 'Windows 10  (10.0.19044) 64bit Core' Language: 'en' Physical Memory: 16333 MB
BatchMode: 1, IsHumanControllingUs: 0, StartBugReporterOnCrash: 0, Is64bit: 1, IsPro: 0

COMMAND LINE ARGUMENTS:
E:\Unity version\2021.2.7f1\Editor\Unity.exe
-adb2
-batchMode
-noUpm
-name
AssetImportWorker6
-projectPath
E:/GitHub/ProJect-3D/3D Horror Project
-logFile
Logs/AssetImportWorker6.log
-srvPort
59256
Successfully changed project path to: E:/GitHub/ProJect-3D/3D Horror Project
E:/GitHub/ProJect-3D/3D Horror Project
[UnityMemory] Configuration Parameters - Can be set up in boot.config
    "memorysetup-bucket-allocator-granularity=16"
    "memorysetup-bucket-allocator-bucket-count=8"
    "memorysetup-bucket-allocator-block-size=33554432"
    "memorysetup-bucket-allocator-block-count=8"
    "memorysetup-main-allocator-block-size=16777216"
    "memorysetup-thread-allocator-block-size=16777216"
    "memorysetup-gfx-main-allocator-block-size=16777216"
    "memorysetup-gfx-thread-allocator-block-size=16777216"
    "memorysetup-cache-allocator-block-size=4194304"
    "memorysetup-typetree-allocator-block-size=2097152"
    "memorysetup-profiler-bucket-allocator-granularity=16"
    "memorysetup-profiler-bucket-allocator-bucket-count=8"
    "memorysetup-profiler-bucket-allocator-block-size=33554432"
    "memorysetup-profiler-bucket-allocator-block-count=8"
    "memorysetup-profiler-allocator-block-size=16777216"
    "memorysetup-profiler-editor-allocator-block-size=1048576"
    "memorysetup-temp-allocator-size-main=16777216"
    "memorysetup-job-temp-allocator-block-size=2097152"
    "memorysetup-job-temp-allocator-block-size-background=1048576"
    "memorysetup-job-temp-allocator-reduction-small-platforms=262144"
    "memorysetup-temp-allocator-size-background-worker=32768"
    "memorysetup-temp-allocator-size-job-worker=262144"
    "memorysetup-temp-allocator-size-preload-manager=33554432"
    "memorysetup-temp-allocator-size-nav-mesh-worker=65536"
    "memorysetup-temp-allocator-size-audio-worker=65536"
    "memorysetup-temp-allocator-size-cloud-worker=32768"
    "memorysetup-temp-allocator-size-gi-baking-worker=262144"
    "memorysetup-temp-allocator-size-gfx=262144"
Refreshing native plugins compatible for Editor in 80.93 ms, found 3 plugins.
Preloading 0 native plugins for Editor in 0.00 ms.
Initialize engine version: 2021.2.7f1 (6bd9e232123f)
[Subsystems] Discovering subsystems at path E:/Unity version/2021.2.7f1/Editor/Data/Resources/UnitySubsystems
[Subsystems] Discovering subsystems at path E:/GitHub/ProJect-3D/3D Horror Project/Assets
GfxDevice: creating device client; threaded=0; jobified=0
Direct3D:
    Version:  Direct3D 11.0 [level 11.1]
    Renderer: NVIDIA GeForce GTX 1660 (ID=0x2184)
    Vendor:   NVIDIA
    VRAM:     5991 MB
    Driver:   30.0.15.1179
Initialize mono
Mono path[0] = 'E:/Unity version/2021.2.7f1/Editor/Data/Managed'
Mono path[1] = 'E:/Unity version/2021.2.7f1/Editor/Data/MonoBleedingEdge/lib/mono/unityjit-win32'
Mono config path = 'E:/Unity version/2021.2.7f1/Editor/Data/MonoBleedingEdge/etc'
Using monoOptions --debugger-agent=transport=dt_socket,embedding=1,server=y,suspend=n,address=127.0.0.1:56048
Begin MonoManager ReloadAssembly
Registering precompiled unity dll's ...
Register platform support module: E:/Unity version/2021.2.7f1/Editor/Data/PlaybackEngines/WindowsStandaloneSupport/UnityEditor.WindowsStandalone.Extensions.dll
Registered in 0.002414 seconds.
Native extension for WindowsStandalone target not found
Refreshing native plugins compatible for Editor in 72.07 ms, found 3 plugins.
Preloading 0 native plugins for Editor in 0.00 ms.
Mono: successfully reloaded assembly
- Completed reload, in  0.523 seconds
Domain Reload Profiling:
	ReloadAssembly (524ms)
		BeginReloadAssembly (74ms)
			ExecutionOrderSort (0ms)
			DisableScriptedObjects (0ms)
			BackupInstance (0ms)
			ReleaseScriptingObjects (0ms)
			CreateAndSetChildDomain (1ms)
		EndReloadAssembly (387ms)
			LoadAssemblies (74ms)
			RebuildTransferFunctionScriptingTraits (0ms)
			SetupTypeCache (88ms)
			ReleaseScriptCaches (0ms)
			RebuildScriptCaches (23ms)
			SetupLoadedEditorAssemblies (234ms)
				LogAssemblyErrors (0ms)
				InitializePlatformSupportModulesInManaged (13ms)
				SetLoadedEditorAssemblies (0ms)
				RefreshPlugins (72ms)
				BeforeProcessingInitializeOnLoad (1ms)
				ProcessInitializeOnLoadAttributes (109ms)
				ProcessInitializeOnLoadMethodAttributes (39ms)
				AfterProcessingInitializeOnLoad (0ms)
				EditorAssembliesLoaded (0ms)
			ExecutionOrderSort2 (0ms)
			AwakeInstancesAfterBackupRestoration (0ms)
Platform modules already initialized, skipping
Registering precompiled user dll's ...
Registered in 0.005024 seconds.
Begin MonoManager ReloadAssembly
Symbol file LoadedFromMemory doesn't match image E:\GitHub\ProJect-3D\3D Horror Project\Library\PackageCache\com.unity.visualscripting@1.7.6\Editor\VisualScripting.Core\Dependencies\YamlDotNet\Unity.VisualScripting.YamlDotNet.dll
Symbol file LoadedFromMemory doesn't match image E:\GitHub\ProJect-3D\3D Horror Project\Library\PackageCache\com.unity.visualscripting@1.7.6\Editor\VisualScripting.Core\Dependencies\DotNetZip\Unity.VisualScripting.IonicZip.dll
Native extension for WindowsStandalone target not found
Refreshing native plugins compatible for Editor in 0.75 ms, found 3 plugins.
Preloading 0 native plugins for Editor in 0.00 ms.
Mono: successfully reloaded assembly
- Completed reload, in  0.877 seconds
Domain Reload Profiling:
	ReloadAssembly (878ms)
		BeginReloadAssembly (109ms)
			ExecutionOrderSort (0ms)
			DisableScriptedObjects (5ms)
			BackupInstance (0ms)
			ReleaseScriptingObjects (0ms)
			CreateAndSetChildDomain (18ms)
		EndReloadAssembly (689ms)
			LoadAssemblies (82ms)
			RebuildTransferFunctionScriptingTraits (0ms)
			SetupTypeCache (225ms)
			ReleaseScriptCaches (1ms)
			RebuildScriptCaches (50ms)
			SetupLoadedEditorAssemblies (307ms)
				LogAssemblyErrors (0ms)
				InitializePlatformSupportModulesInManaged (9ms)
				SetLoadedEditorAssemblies (0ms)
				RefreshPlugins (1ms)
				BeforeProcessingInitializeOnLoad (74ms)
				ProcessInitializeOnLoadAttributes (200ms)
				ProcessInitializeOnLoadMethodAttributes (20ms)
				AfterProcessingInitializeOnLoad (3ms)
				EditorAssembliesLoaded (0ms)
			ExecutionOrderSort2 (0ms)
			AwakeInstancesAfterBackupRestoration (5ms)
Platform modules already initialized, skipping
========================================================================
Worker process is ready to serve import requests
Launched and connected shader compiler UnityShaderCompiler.exe after 0.05 seconds
Refreshing native plugins compatible for Editor in 1.15 ms, found 3 plugins.
Preloading 0 native plugins for Editor in 0.00 ms.
Unloading 3217 Unused Serialized files (Serialized files now loaded: 0)
Unloading 24 unused Assets / (55.6 KB). Loaded Objects now: 3675.
Memory consumption went from 114.3 MB to 114.2 MB.
Total: 2.899400 ms (FindLiveObjects: 0.294000 ms CreateObjectMapping: 0.088700 ms MarkObjects: 2.447500 ms  DeleteObjects: 0.068100 ms)

AssetImportParameters requested are different than current active one (requested -> active):
  custom:video-decoder-ogg-theora: a1e56fd34408186e4bbccfd4996cb3dc -> 
  custom:container-muxer-webm: aa71ff27fc2769a1b78a27578f13a17b -> 
  custom:container-demuxer-webm: 4f35f7cbe854078d1ac9338744f61a02 -> 
  custom:video-encoder-webm-vp8: eb34c28f22e8b96e1ab97ce403110664 -> 
  custom:audio-encoder-webm-vorbis: bf7c407c2cedff20999df2af8eb42d56 -> 
  custom:framework-win-MediaFoundation: 216162199b28c13a410421893ffa2e32 -> 
  custom:container-demuxer-ogg: 62fdf1f143b41e24485cea50d1cbac27 -> 
  custom:video-decoder-webm-vp8: 9c59270c3fd7afecdb556c50c9e8de78 -> 
  custom:audio-decoder-ogg-vorbis: bf7c407c2cedff20999df2af8eb42d56 -> 
========================================================================
Received Import Request.
  Time since last request: 75229.096926 seconds.
  path: Assets/ModularCityAlleyPack/Meshes/Roofs/Roof_Large_Set.FBX
  artifactKey: Guid(42bd05aecdf4ea1439aa735926b0f2fe) Importer(815301076,1909f56bfc062723c751e8b465ee728b)
Start importing Assets/ModularCityAlleyPack/Meshes/Roofs/Roof_Large_Set.FBX using Guid(42bd05aecdf4ea1439aa735926b0f2fe) Importer(815301076,1909f56bfc062723c751e8b465ee728b)  -> (artifact id: 'e182b5f8d5e99e7189e4fd15eef6dab6') in 0.184643 seconds 
========================================================================
Received Import Request.
  Time since last request: 423.795633 seconds.
  path: Assets/ModularCityAlleyPack/Prefabs/Prefabs_Walls/Walls_A/Sets
  artifactKey: Guid(73e16cd18f4c29a4b8df9ef02f667fd1) Importer(815301076,1909f56bfc062723c751e8b465ee728b)
Start importing Assets/ModularCityAlleyPack/Prefabs/Prefabs_Walls/Walls_A/Sets using Guid(73e16cd18f4c29a4b8df9ef02f667fd1) Importer(815301076,1909f56bfc062723c751e8b465ee728b)  -> (artifact id: '55164420a8cafaf0298ca21baa5ef8b2') in 0.001684 seconds 
========================================================================
Received Import Request.
  Time since last request: 0.026987 seconds.
  path: Assets/ModularCityAlleyPack/Prefabs/Prefabs_Walls/Walls_A/Sets/W_DoorSet_A_16x.prefab
  artifactKey: Guid(d52320868f21c98418509747d63fa6f2) Importer(815301076,1909f56bfc062723c751e8b465ee728b)
Start importing Assets/ModularCityAlleyPack/Prefabs/Prefabs_Walls/Walls_A/Sets/W_DoorSet_A_16x.prefab using Guid(d52320868f21c98418509747d63fa6f2) Importer(815301076,1909f56bfc062723c751e8b465ee728b)  -> (artifact id: 'ba37e7fc1b5c3df1185ffa6db3185ba2') in 0.070616 seconds 
========================================================================
Received Import Request.
  Time since last request: 0.000028 seconds.
  path: Assets/ModularCityAlleyPack/Prefabs/Prefabs_Walls/Walls_A/Sets/W_Shop_Front_C_8x.prefab
  artifactKey: Guid(5523964b48ffe1945b35242dcf2c74ad) Importer(815301076,1909f56bfc062723c751e8b465ee728b)
Start importing Assets/ModularCityAlleyPack/Prefabs/Prefabs_Walls/Walls_A/Sets/W_Shop_Front_C_8x.prefab using Guid(5523964b48ffe1945b35242dcf2c74ad) Importer(815301076,1909f56bfc062723c751e8b465ee728b)  -> (artifact id: '2ee6c9276316606e17c064af79c4fb8f') in 0.050878 seconds 
========================================================================
Received Import Request.
  Time since last request: 0.000027 seconds.
  path: Assets/ModularCityAlleyPack/Prefabs/Prefabs_Walls/Walls_A/Sets/W_Shop_Front_A_8x.prefab
  artifactKey: Guid(66ced5db3703c044dac492f30be9e074) Importer(815301076,1909f56bfc062723c751e8b465ee728b)
Start importing Assets/ModularCityAlleyPack/Prefabs/Prefabs_Walls/Walls_A/Sets/W_Shop_Front_A_8x.prefab using Guid(66ced5db3703c044dac492f30be9e074) Importer(815301076,1909f56bfc062723c751e8b465ee728b)  -> (artifact id: '6f1f8acb072fe1a5ec59ff9dd3e3c0ad') in 0.049687 seconds 
========================================================================
Received Import Request.
  Time since last request: 0.000025 seconds.
  path: Assets/ModularCityAlleyPack/Prefabs/Prefabs_Walls/Walls_A/Sets/W_RectangleIn_Door_6x.prefab
  artifactKey: Guid(3fe58387d2ac31a4aa27df05b9727f87) Importer(815301076,1909f56bfc062723c751e8b465ee728b)
Start importing Assets/ModularCityAlleyPack/Prefabs/Prefabs_Walls/Walls_A/Sets/W_RectangleIn_Door_6x.prefab using Guid(3fe58387d2ac31a4aa27df05b9727f87) Importer(815301076,1909f56bfc062723c751e8b465ee728b)  -> (artifact id: '7cfe4775621db2c591aae85fa64e1e64') in 0.045370 seconds 
========================================================================
Received Import Request.
  Time since last request: 0.000037 seconds.
  path: Assets/ModularCityAlleyPack/Prefabs/Prefabs_Walls/Walls_A/Sets/W_Shop_Front_B_8x.prefab
  artifactKey: Guid(77b5615fac9334c439b64b1322500c51) Importer(815301076,1909f56bfc062723c751e8b465ee728b)
Start importing Assets/ModularCityAlleyPack/Prefabs/Prefabs_Walls/Walls_A/Sets/W_Shop_Front_B_8x.prefab using Guid(77b5615fac9334c439b64b1322500c51) Importer(815301076,1909f56bfc062723c751e8b465ee728b)  -> (artifact id: '7cb7a8b1f5e1d9d12e52c9d36b73574d') in 0.030430 seconds 
========================================================================
Received Import Request.
  Time since last request: 44.194823 seconds.
  path: Assets/ModularCityAlleyPack/Prefabs/Prefabs_Walls/Walls_B/CornersPilars/Wall_B_Brick_CornerOut_1x.prefab
  artifactKey: Guid(cccdbec21d63b7640860753e29f4e67c) Importer(815301076,1909f56bfc062723c751e8b465ee728b)
Start importing Assets/ModularCityAlleyPack/Prefabs/Prefabs_Walls/Walls_B/CornersPilars/Wall_B_Brick_CornerOut_1x.prefab using Guid(cccdbec21d63b7640860753e29f4e67c) Importer(815301076,1909f56bfc062723c751e8b465ee728b)  -> (artifact id: '981c543a3d305508564b1d1384c7531c') in 0.018460 seconds 
========================================================================
Received Import Request.
  Time since last request: 0.000024 seconds.
  path: Assets/ModularCityAlleyPack/Prefabs/Prefabs_Walls/Walls_B/CornersPilars/Wall_B_Brick_Pilar_1x.prefab
  artifactKey: Guid(8cbf31b801fd153498b6ccb4b25a8c19) Importer(815301076,1909f56bfc062723c751e8b465ee728b)
Start importing Assets/ModularCityAlleyPack/Prefabs/Prefabs_Walls/Walls_B/CornersPilars/Wall_B_Brick_Pilar_1x.prefab using Guid(8cbf31b801fd153498b6ccb4b25a8c19) Importer(815301076,1909f56bfc062723c751e8b465ee728b)  -> (artifact id: 'ebaf7d3a8c067100073377d964629320') in 0.016477 seconds 
========================================================================
Received Import Request.
  Time since last request: 0.806972 seconds.
  path: Assets/ModularCityAlleyPack/Prefabs/Prefabs_Walls/Walls_B/LargeDoors/Wall_B_Brick_DoorRoll_A_4x.prefab
  artifactKey: Guid(24b7f6ed249bf6b4a939d9f671c4d40a) Importer(815301076,1909f56bfc062723c751e8b465ee728b)
Start importing Assets/ModularCityAlleyPack/Prefabs/Prefabs_Walls/Walls_B/LargeDoors/Wall_B_Brick_DoorRoll_A_4x.prefab using Guid(24b7f6ed249bf6b4a939d9f671c4d40a) Importer(815301076,1909f56bfc062723c751e8b465ee728b)  -> (artifact id: 'dd3582c0d2436d9720787ef6b5856a27') in 0.027875 seconds 
========================================================================
Received Import Request.
  Time since last request: 0.000020 seconds.
  path: Assets/ModularCityAlleyPack/Prefabs/Prefabs_Walls/Walls_B/LargeDoors/Wall_B_Brick_Xxxshop_6x.prefab
  artifactKey: Guid(4aa828b2a057aeb44bc5222941c3b6d2) Importer(815301076,1909f56bfc062723c751e8b465ee728b)
Start importing Assets/ModularCityAlleyPack/Prefabs/Prefabs_Walls/Walls_B/LargeDoors/Wall_B_Brick_Xxxshop_6x.prefab using Guid(4aa828b2a057aeb44bc5222941c3b6d2) Importer(815301076,1909f56bfc062723c751e8b465ee728b)  -> (artifact id: 'f8ef9551e78df8a253ef25fe20b5d7cc') in 0.040701 seconds 
========================================================================
Received Import Request.
  Time since last request: 0.000027 seconds.
  path: Assets/ModularCityAlleyPack/Prefabs/Prefabs_Walls/Walls_B/LargeDoors/Wall_B_Brick_Shops_China_4x.prefab
  artifactKey: Guid(287ea050386474c4ea8572d80a68bc9f) Importer(815301076,1909f56bfc062723c751e8b465ee728b)
Start importing Assets/ModularCityAlleyPack/Prefabs/Prefabs_Walls/Walls_B/LargeDoors/Wall_B_Brick_Shops_China_4x.prefab using Guid(287ea050386474c4ea8572d80a68bc9f) Importer(815301076,1909f56bfc062723c751e8b465ee728b)  -> (artifact id: 'c2a4555709c9c48c4e414c3bc616e507') in 0.030300 seconds 
========================================================================
Received Import Request.
  Time since last request: 0.000020 seconds.
  path: Assets/ModularCityAlleyPack/Prefabs/Prefabs_Walls/Walls_B/LargeDoors/Wall_B_Brick_DoorsHigh_4x.prefab
  artifactKey: Guid(e721cdbfb14c6dc40b69d3f0db0878cc) Importer(815301076,1909f56bfc062723c751e8b465ee728b)
Start importing Assets/ModularCityAlleyPack/Prefabs/Prefabs_Walls/Walls_B/LargeDoors/Wall_B_Brick_DoorsHigh_4x.prefab using Guid(e721cdbfb14c6dc40b69d3f0db0878cc) Importer(815301076,1909f56bfc062723c751e8b465ee728b)  -> (artifact id: '1bb88f9465a49d5ade851bfae7350e12') in 0.032084 seconds 
========================================================================
Received Import Request.
  Time since last request: 0.000030 seconds.
  path: Assets/ModularCityAlleyPack/Prefabs/Prefabs_Walls/Walls_B/LargeDoors/Wall_B_Brick_DoorRoll_C_6x.prefab
  artifactKey: Guid(7476b21c0aa03724ba6c8b1006a13a38) Importer(815301076,1909f56bfc062723c751e8b465ee728b)
Start importing Assets/ModularCityAlleyPack/Prefabs/Prefabs_Walls/Walls_B/LargeDoors/Wall_B_Brick_DoorRoll_C_6x.prefab using Guid(7476b21c0aa03724ba6c8b1006a13a38) Importer(815301076,1909f56bfc062723c751e8b465ee728b)  -> (artifact id: '7a4627b4383694870018a9ce02726b15') in 0.026881 seconds 
========================================================================
Received Import Request.
  Time since last request: 0.347663 seconds.
  path: Assets/ModularCityAlleyPack/Prefabs/Prefabs_Walls/Walls_B/SmallDoors/Wall_B_Brick_Door_A_2x.prefab
  artifactKey: Guid(2333c2469df9013418df8418fc659ece) Importer(815301076,1909f56bfc062723c751e8b465ee728b)
Start importing Assets/ModularCityAlleyPack/Prefabs/Prefabs_Walls/Walls_B/SmallDoors/Wall_B_Brick_Door_A_2x.prefab using Guid(2333c2469df9013418df8418fc659ece) Importer(815301076,1909f56bfc062723c751e8b465ee728b)  -> (artifact id: 'd3aefadca10165ed1c066238f5ff0056') in 0.034604 seconds 
========================================================================
Received Import Request.
  Time since last request: 0.000024 seconds.
  path: Assets/ModularCityAlleyPack/Prefabs/Prefabs_Walls/Walls_B/SmallDoors/Wall_B_Brick_Door_D_2x.prefab
  artifactKey: Guid(9150ec6c1d7453142b630faca872377e) Importer(815301076,1909f56bfc062723c751e8b465ee728b)
Start importing Assets/ModularCityAlleyPack/Prefabs/Prefabs_Walls/Walls_B/SmallDoors/Wall_B_Brick_Door_D_2x.prefab using Guid(9150ec6c1d7453142b630faca872377e) Importer(815301076,1909f56bfc062723c751e8b465ee728b)  -> (artifact id: '34c315986cbd1dea448d119d2b89cfff') in 0.054655 seconds 
========================================================================
Received Import Request.
  Time since last request: 0.339391 seconds.
  path: Assets/ModularCityAlleyPack/Prefabs/Prefabs_Walls/Walls_B/Walls_B/Wall_B_Brick_2x.prefab
  artifactKey: Guid(c87c3b48e90e58845b780956f667838d) Importer(815301076,1909f56bfc062723c751e8b465ee728b)
Start importing Assets/ModularCityAlleyPack/Prefabs/Prefabs_Walls/Walls_B/Walls_B/Wall_B_Brick_2x.prefab using Guid(c87c3b48e90e58845b780956f667838d) Importer(815301076,1909f56bfc062723c751e8b465ee728b)  -> (artifact id: '725f0dc42df493dd8ba4b39d28768926') in 0.016662 seconds 
========================================================================
Received Import Request.
  Time since last request: 0.000019 seconds.
  path: Assets/ModularCityAlleyPack/Prefabs/Prefabs_Walls/Walls_B/Walls_B/Wall_B_Brick_RectangleIn_6x.prefab
  artifactKey: Guid(61ebf63ff802d35468c198a4beb24595) Importer(815301076,1909f56bfc062723c751e8b465ee728b)
Start importing Assets/ModularCityAlleyPack/Prefabs/Prefabs_Walls/Walls_B/Walls_B/Wall_B_Brick_RectangleIn_6x.prefab using Guid(61ebf63ff802d35468c198a4beb24595) Importer(815301076,1909f56bfc062723c751e8b465ee728b)  -> (artifact id: '98c144a89b25253531f42038309a693b') in 0.020757 seconds 
========================================================================
Received Import Request.
  Time since last request: 0.386882 seconds.
  path: Assets/ModularCityAlleyPack/Prefabs/Prefabs_Walls/Walls_B/Windows/Wall_B_Brick_Window_B_2x.prefab
  artifactKey: Guid(e2b5d29cf77ac334e9e0e619e4fb5efb) Importer(815301076,1909f56bfc062723c751e8b465ee728b)
Start importing Assets/ModularCityAlleyPack/Prefabs/Prefabs_Walls/Walls_B/Windows/Wall_B_Brick_Window_B_2x.prefab using Guid(e2b5d29cf77ac334e9e0e619e4fb5efb) Importer(815301076,1909f56bfc062723c751e8b465ee728b)  -> (artifact id: '1b4e71bb4aa9a142823f0e0d9998b3f9') in 0.025991 seconds 
========================================================================
Received Import Request.
  Time since last request: 0.000016 seconds.
  path: Assets/ModularCityAlleyPack/Prefabs/Prefabs_Walls/Walls_B/Windows/Wall_B_Brick_Window_F_2x.prefab
  artifactKey: Guid(58f40bb65fbd6f64caae9cf252b5ab79) Importer(815301076,1909f56bfc062723c751e8b465ee728b)
Start importing Assets/ModularCityAlleyPack/Prefabs/Prefabs_Walls/Walls_B/Windows/Wall_B_Brick_Window_F_2x.prefab using Guid(58f40bb65fbd6f64caae9cf252b5ab79) Importer(815301076,1909f56bfc062723c751e8b465ee728b)  -> (artifact id: '937c239ae43c488437d8cb5891f46064') in 0.034619 seconds 
========================================================================
Received Import Request.
  Time since last request: 0.000021 seconds.
  path: Assets/ModularCityAlleyPack/Prefabs/Prefabs_Walls/Walls_B/Windows/Wall_B_Brick_Window_G_1x.prefab
  artifactKey: Guid(565c3d28bfc5b0641b9ff70f12f6efc0) Importer(815301076,1909f56bfc062723c751e8b465ee728b)
Start importing Assets/ModularCityAlleyPack/Prefabs/Prefabs_Walls/Walls_B/Windows/Wall_B_Brick_Window_G_1x.prefab using Guid(565c3d28bfc5b0641b9ff70f12f6efc0) Importer(815301076,1909f56bfc062723c751e8b465ee728b)  -> (artifact id: 'eec14ad4107a29893e1b2d53ffbd0e0e') in 0.029843 seconds 
========================================================================
Received Import Request.
  Time since last request: 0.000032 seconds.
  path: Assets/ModularCityAlleyPack/Prefabs/Prefabs_Walls/Walls_B/Windows/Wall_B_Brick_Window_I_2x.prefab
  artifactKey: Guid(c345d1ba8d436d84cbaa13c5d6f54cfc) Importer(815301076,1909f56bfc062723c751e8b465ee728b)
Start importing Assets/ModularCityAlleyPack/Prefabs/Prefabs_Walls/Walls_B/Windows/Wall_B_Brick_Window_I_2x.prefab using Guid(c345d1ba8d436d84cbaa13c5d6f54cfc) Importer(815301076,1909f56bfc062723c751e8b465ee728b)  -> (artifact id: '075be9a528ec7a7500425fb7f47068d0') in 0.031929 seconds 
========================================================================
Received Import Request.
  Time since last request: 2.695538 seconds.
  path: Assets/ModularCityAlleyPack/Prefabs/Prefabs_Walls/Walls_C/Windows/Wall_C_Brick_Window_B_2x.prefab
  artifactKey: Guid(9499213d73f8c5243aa948c6267de34f) Importer(815301076,1909f56bfc062723c751e8b465ee728b)
Start importing Assets/ModularCityAlleyPack/Prefabs/Prefabs_Walls/Walls_C/Windows/Wall_C_Brick_Window_B_2x.prefab using Guid(9499213d73f8c5243aa948c6267de34f) Importer(815301076,1909f56bfc062723c751e8b465ee728b)  -> (artifact id: 'd1121fbfca3b8345c2513808d99bbef5') in 0.033369 seconds 
========================================================================
Received Import Request.
  Time since last request: 0.000015 seconds.
  path: Assets/ModularCityAlleyPack/Prefabs/Prefabs_Walls/Walls_C/Windows/Wall_C_Brick_Window_J_2x.prefab
  artifactKey: Guid(d560c43c04dedb84f8e8158964e6afbe) Importer(815301076,1909f56bfc062723c751e8b465ee728b)
Start importing Assets/ModularCityAlleyPack/Prefabs/Prefabs_Walls/Walls_C/Windows/Wall_C_Brick_Window_J_2x.prefab using Guid(d560c43c04dedb84f8e8158964e6afbe) Importer(815301076,1909f56bfc062723c751e8b465ee728b)  -> (artifact id: 'ae869cb044541094431592716d717c25') in 0.043733 seconds 
========================================================================
Received Import Request.
  Time since last request: 0.000021 seconds.
  path: Assets/ModularCityAlleyPack/Prefabs/Prefabs_Walls/Walls_C/Windows/Wall_C_Brick_Window_I_2x.prefab
  artifactKey: Guid(1fa96fd847d792f4484d9a6da08e4100) Importer(815301076,1909f56bfc062723c751e8b465ee728b)
Start importing Assets/ModularCityAlleyPack/Prefabs/Prefabs_Walls/Walls_C/Windows/Wall_C_Brick_Window_I_2x.prefab using Guid(1fa96fd847d792f4484d9a6da08e4100) Importer(815301076,1909f56bfc062723c751e8b465ee728b)  -> (artifact id: '3db56e0429e02172fcf639e66301f279') in 0.043271 seconds 
Editor requested this worker to shutdown with reason: Scaling down because of idle timeout
AssetImportWorker is now disconnected from the server
Process exiting
Exiting without the bug reporter. Application will terminate with return code 0