Using pre-set license
Built from '2021.2/staging' branch; Version is '2021.2.7f1 (6bd9e232123f) revision 7068130'; Using compiler version '192829333'; Build Type 'Release'
OS: 'Windows 10  (10.0.19044) 64bit Core' Language: 'en' Physical Memory: 16333 MB
BatchMode: 1, IsHumanControllingUs: 0, StartBugReporterOnCrash: 0, Is64bit: 1, IsPro: 0

COMMAND LINE ARGUMENTS:
E:\Unity version\2021.2.7f1\Editor\Unity.exe
-adb2
-batchMode
-noUpm
-name
AssetImportWorker0
-projectPath
E:/GitHub/ProJect-3D/3D Horror Project
-logFile
Logs/AssetImportWorker0.log
-srvPort
59256
Successfully changed project path to: E:/GitHub/ProJect-3D/3D Horror Project
E:/GitHub/ProJect-3D/3D Horror Project
[UnityMemory] Configuration Parameters - Can be set up in boot.config
    "memorysetup-bucket-allocator-granularity=16"
    "memorysetup-bucket-allocator-bucket-count=8"
    "memorysetup-bucket-allocator-block-size=33554432"
    "memorysetup-bucket-allocator-block-count=8"
    "memorysetup-main-allocator-block-size=16777216"
    "memorysetup-thread-allocator-block-size=16777216"
    "memorysetup-gfx-main-allocator-block-size=16777216"
    "memorysetup-gfx-thread-allocator-block-size=16777216"
    "memorysetup-cache-allocator-block-size=4194304"
    "memorysetup-typetree-allocator-block-size=2097152"
    "memorysetup-profiler-bucket-allocator-granularity=16"
    "memorysetup-profiler-bucket-allocator-bucket-count=8"
    "memorysetup-profiler-bucket-allocator-block-size=33554432"
    "memorysetup-profiler-bucket-allocator-block-count=8"
    "memorysetup-profiler-allocator-block-size=16777216"
    "memorysetup-profiler-editor-allocator-block-size=1048576"
    "memorysetup-temp-allocator-size-main=16777216"
    "memorysetup-job-temp-allocator-block-size=2097152"
    "memorysetup-job-temp-allocator-block-size-background=1048576"
    "memorysetup-job-temp-allocator-reduction-small-platforms=262144"
    "memorysetup-temp-allocator-size-background-worker=32768"
    "memorysetup-temp-allocator-size-job-worker=262144"
    "memorysetup-temp-allocator-size-preload-manager=33554432"
    "memorysetup-temp-allocator-size-nav-mesh-worker=65536"
    "memorysetup-temp-allocator-size-audio-worker=65536"
    "memorysetup-temp-allocator-size-cloud-worker=32768"
    "memorysetup-temp-allocator-size-gi-baking-worker=262144"
    "memorysetup-temp-allocator-size-gfx=262144"
Refreshing native plugins compatible for Editor in 96.15 ms, found 3 plugins.
Preloading 0 native plugins for Editor in 0.00 ms.
Initialize engine version: 2021.2.7f1 (6bd9e232123f)
[Subsystems] Discovering subsystems at path E:/Unity version/2021.2.7f1/Editor/Data/Resources/UnitySubsystems
[Subsystems] Discovering subsystems at path E:/GitHub/ProJect-3D/3D Horror Project/Assets
GfxDevice: creating device client; threaded=0; jobified=0
Direct3D:
    Version:  Direct3D 11.0 [level 11.1]
    Renderer: NVIDIA GeForce GTX 1660 (ID=0x2184)
    Vendor:   NVIDIA
    VRAM:     5991 MB
    Driver:   30.0.15.1179
Initialize mono
Mono path[0] = 'E:/Unity version/2021.2.7f1/Editor/Data/Managed'
Mono path[1] = 'E:/Unity version/2021.2.7f1/Editor/Data/MonoBleedingEdge/lib/mono/unityjit-win32'
Mono config path = 'E:/Unity version/2021.2.7f1/Editor/Data/MonoBleedingEdge/etc'
Using monoOptions --debugger-agent=transport=dt_socket,embedding=1,server=y,suspend=n,address=127.0.0.1:56916
Begin MonoManager ReloadAssembly
Registering precompiled unity dll's ...
Register platform support module: E:/Unity version/2021.2.7f1/Editor/Data/PlaybackEngines/WindowsStandaloneSupport/UnityEditor.WindowsStandalone.Extensions.dll
Registered in 0.002469 seconds.
Native extension for WindowsStandalone target not found
Refreshing native plugins compatible for Editor in 78.11 ms, found 3 plugins.
Preloading 0 native plugins for Editor in 0.00 ms.
Mono: successfully reloaded assembly
- Completed reload, in  0.571 seconds
Domain Reload Profiling:
	ReloadAssembly (571ms)
		BeginReloadAssembly (97ms)
			ExecutionOrderSort (0ms)
			DisableScriptedObjects (0ms)
			BackupInstance (0ms)
			ReleaseScriptingObjects (0ms)
			CreateAndSetChildDomain (1ms)
		EndReloadAssembly (402ms)
			LoadAssemblies (96ms)
			RebuildTransferFunctionScriptingTraits (0ms)
			SetupTypeCache (91ms)
			ReleaseScriptCaches (0ms)
			RebuildScriptCaches (24ms)
			SetupLoadedEditorAssemblies (245ms)
				LogAssemblyErrors (0ms)
				InitializePlatformSupportModulesInManaged (13ms)
				SetLoadedEditorAssemblies (0ms)
				RefreshPlugins (78ms)
				BeforeProcessingInitializeOnLoad (1ms)
				ProcessInitializeOnLoadAttributes (112ms)
				ProcessInitializeOnLoadMethodAttributes (40ms)
				AfterProcessingInitializeOnLoad (0ms)
				EditorAssembliesLoaded (0ms)
			ExecutionOrderSort2 (0ms)
			AwakeInstancesAfterBackupRestoration (0ms)
Platform modules already initialized, skipping
Registering precompiled user dll's ...
Registered in 0.005875 seconds.
Begin MonoManager ReloadAssembly
Symbol file LoadedFromMemory doesn't match image E:\GitHub\ProJect-3D\3D Horror Project\Library\PackageCache\com.unity.visualscripting@1.7.6\Editor\VisualScripting.Core\Dependencies\YamlDotNet\Unity.VisualScripting.YamlDotNet.dll
Symbol file LoadedFromMemory doesn't match image E:\GitHub\ProJect-3D\3D Horror Project\Library\PackageCache\com.unity.visualscripting@1.7.6\Editor\VisualScripting.Core\Dependencies\DotNetZip\Unity.VisualScripting.IonicZip.dll
Native extension for WindowsStandalone target not found
Refreshing native plugins compatible for Editor in 0.62 ms, found 3 plugins.
Preloading 0 native plugins for Editor in 0.00 ms.
Mono: successfully reloaded assembly
- Completed reload, in  1.028 seconds
Domain Reload Profiling:
	ReloadAssembly (1028ms)
		BeginReloadAssembly (121ms)
			ExecutionOrderSort (0ms)
			DisableScriptedObjects (5ms)
			BackupInstance (0ms)
			ReleaseScriptingObjects (0ms)
			CreateAndSetChildDomain (19ms)
		EndReloadAssembly (821ms)
			LoadAssemblies (198ms)
			RebuildTransferFunctionScriptingTraits (0ms)
			SetupTypeCache (244ms)
			ReleaseScriptCaches (1ms)
			RebuildScriptCaches (57ms)
			SetupLoadedEditorAssemblies (302ms)
				LogAssemblyErrors (0ms)
				InitializePlatformSupportModulesInManaged (10ms)
				SetLoadedEditorAssemblies (0ms)
				RefreshPlugins (1ms)
				BeforeProcessingInitializeOnLoad (71ms)
				ProcessInitializeOnLoadAttributes (198ms)
				ProcessInitializeOnLoadMethodAttributes (20ms)
				AfterProcessingInitializeOnLoad (3ms)
				EditorAssembliesLoaded (0ms)
			ExecutionOrderSort2 (0ms)
			AwakeInstancesAfterBackupRestoration (5ms)
Platform modules already initialized, skipping
========================================================================
Worker process is ready to serve import requests
Launched and connected shader compiler UnityShaderCompiler.exe after 0.09 seconds
Refreshing native plugins compatible for Editor in 0.79 ms, found 3 plugins.
Preloading 0 native plugins for Editor in 0.00 ms.
Unloading 3217 Unused Serialized files (Serialized files now loaded: 0)
Unloading 24 unused Assets / (55.6 KB). Loaded Objects now: 3675.
Memory consumption went from 114.2 MB to 114.2 MB.
Total: 2.927700 ms (FindLiveObjects: 0.316300 ms CreateObjectMapping: 0.082500 ms MarkObjects: 2.445300 ms  DeleteObjects: 0.082200 ms)

AssetImportParameters requested are different than current active one (requested -> active):
  custom:video-decoder-ogg-theora: a1e56fd34408186e4bbccfd4996cb3dc -> 
  custom:container-muxer-webm: aa71ff27fc2769a1b78a27578f13a17b -> 
  custom:container-demuxer-webm: 4f35f7cbe854078d1ac9338744f61a02 -> 
  custom:video-encoder-webm-vp8: eb34c28f22e8b96e1ab97ce403110664 -> 
  custom:audio-encoder-webm-vorbis: bf7c407c2cedff20999df2af8eb42d56 -> 
  custom:framework-win-MediaFoundation: 216162199b28c13a410421893ffa2e32 -> 
  custom:container-demuxer-ogg: 62fdf1f143b41e24485cea50d1cbac27 -> 
  custom:video-decoder-webm-vp8: 9c59270c3fd7afecdb556c50c9e8de78 -> 
  custom:audio-decoder-ogg-vorbis: bf7c407c2cedff20999df2af8eb42d56 -> 
========================================================================
Received Import Request.
  Time since last request: 72024.006493 seconds.
  path: Assets/Scenes
  artifactKey: Guid(6ea315d0fd7389c41b19996891e99ae3) Importer(815301076,1909f56bfc062723c751e8b465ee728b)
Start importing Assets/Scenes using Guid(6ea315d0fd7389c41b19996891e99ae3) Importer(815301076,1909f56bfc062723c751e8b465ee728b)  -> (artifact id: 'bc172811d573b296104adb4d2728db37') in 0.007115 seconds 
========================================================================
Received Import Request.
  Time since last request: 29.991462 seconds.
  path: Assets/Scenes/Scene2.unity
  artifactKey: Guid(c8f1020e48e094a4c88244fae2327845) Importer(815301076,1909f56bfc062723c751e8b465ee728b)
Start importing Assets/Scenes/Scene2.unity using Guid(c8f1020e48e094a4c88244fae2327845) Importer(815301076,1909f56bfc062723c751e8b465ee728b)  -> (artifact id: '89d960eca1f7aef87ef3832f0075ac02') in 0.012692 seconds 
========================================================================
Received Import Request.
  Time since last request: 11.888697 seconds.
  path: Assets/Scenes/Scene1.unity
  artifactKey: Guid(9fc0d4010bbf28b4594072e72b8655ab) Importer(815301076,1909f56bfc062723c751e8b465ee728b)
Start importing Assets/Scenes/Scene1.unity using Guid(9fc0d4010bbf28b4594072e72b8655ab) Importer(815301076,1909f56bfc062723c751e8b465ee728b)  -> (artifact id: 'fbf97f595f54219389503383d5acc288') in 0.001792 seconds 
========================================================================
Received Import Request.
  Time since last request: 34.809368 seconds.
  path: Assets/ModularCityAlleyPack/Meshes/Floors/Floor_Plate_CornerBig90_2x2.FBX
  artifactKey: Guid(025bce8368e51374082f7b3b56e410a8) Importer(815301076,1909f56bfc062723c751e8b465ee728b)
Start importing Assets/ModularCityAlleyPack/Meshes/Floors/Floor_Plate_CornerBig90_2x2.FBX using Guid(025bce8368e51374082f7b3b56e410a8) Importer(815301076,1909f56bfc062723c751e8b465ee728b)  -> (artifact id: '02ed26fc79a3111e03265d9f6cde6ee9') in 0.639053 seconds 
========================================================================
Received Import Request.
  Time since last request: 0.000020 seconds.
  path: Assets/ModularCityAlleyPack/Meshes/Floors/Floor_Sidewalk_ExtraHeight_1x.FBX
  artifactKey: Guid(7a9b6be49c7137a44952b0d24e2d67bd) Importer(815301076,1909f56bfc062723c751e8b465ee728b)
Start importing Assets/ModularCityAlleyPack/Meshes/Floors/Floor_Sidewalk_ExtraHeight_1x.FBX using Guid(7a9b6be49c7137a44952b0d24e2d67bd) Importer(815301076,1909f56bfc062723c751e8b465ee728b)  -> (artifact id: '597e2b74e7993bffa87080f39aefb617') in 0.051818 seconds 
========================================================================
Received Import Request.
  Time since last request: 0.000025 seconds.
  path: Assets/ModularCityAlleyPack/Meshes/Floors/Floor_StonePavemet_A_CornerBig90.FBX
  artifactKey: Guid(8e684c8562e45144e81eaef72a47bda2) Importer(815301076,1909f56bfc062723c751e8b465ee728b)
Start importing Assets/ModularCityAlleyPack/Meshes/Floors/Floor_StonePavemet_A_CornerBig90.FBX using Guid(8e684c8562e45144e81eaef72a47bda2) Importer(815301076,1909f56bfc062723c751e8b465ee728b)  -> (artifact id: '337217f119bd81d144ff0bb97ee7a32e') in 0.037497 seconds 
========================================================================
Received Import Request.
  Time since last request: 0.000019 seconds.
  path: Assets/ModularCityAlleyPack/Meshes/Floors/Floor_Plate_Woble_A_Street_6x3.FBX
  artifactKey: Guid(97427992b53140a49b7e3a50e647d9b7) Importer(815301076,1909f56bfc062723c751e8b465ee728b)
Start importing Assets/ModularCityAlleyPack/Meshes/Floors/Floor_Plate_Woble_A_Street_6x3.FBX using Guid(97427992b53140a49b7e3a50e647d9b7) Importer(815301076,1909f56bfc062723c751e8b465ee728b)  -> (artifact id: 'aaa8487e1a175e4a80607c5461363728') in 0.098146 seconds 
========================================================================
Received Import Request.
  Time since last request: 0.000019 seconds.
  path: Assets/ModularCityAlleyPack/Meshes/Floors/Floor_Plate_Hill_B_6x2.FBX
  artifactKey: Guid(c7948d8fb0cf00347b84e67fdebc54ca) Importer(815301076,1909f56bfc062723c751e8b465ee728b)
Start importing Assets/ModularCityAlleyPack/Meshes/Floors/Floor_Plate_Hill_B_6x2.FBX using Guid(c7948d8fb0cf00347b84e67fdebc54ca) Importer(815301076,1909f56bfc062723c751e8b465ee728b)  -> (artifact id: 'adb2c711e38b62cf2b9c82d6449f6277') in 0.014870 seconds 
========================================================================
Received Import Request.
  Time since last request: 0.000021 seconds.
  path: Assets/ModularCityAlleyPack/Meshes/Floors/Floor_Plate_Hill_Woble_A_6x2.FBX
  artifactKey: Guid(34641b3359b9db84e9a2e4904750d115) Importer(815301076,1909f56bfc062723c751e8b465ee728b)
Start importing Assets/ModularCityAlleyPack/Meshes/Floors/Floor_Plate_Hill_Woble_A_6x2.FBX using Guid(34641b3359b9db84e9a2e4904750d115) Importer(815301076,1909f56bfc062723c751e8b465ee728b)  -> (artifact id: '57491e715fd068c9cbcf4cf68b5cfa31') in 0.017486 seconds 
========================================================================
Received Import Request.
  Time since last request: 0.000019 seconds.
  path: Assets/ModularCityAlleyPack/Meshes/Floors/Floor_Stairs_A_2x1.FBX
  artifactKey: Guid(443a678c79948f44391d98bd1822f83a) Importer(815301076,1909f56bfc062723c751e8b465ee728b)
Start importing Assets/ModularCityAlleyPack/Meshes/Floors/Floor_Stairs_A_2x1.FBX using Guid(443a678c79948f44391d98bd1822f83a) Importer(815301076,1909f56bfc062723c751e8b465ee728b)  -> (artifact id: '0eea7400c3665c04ab323007a4b12410') in 0.035488 seconds 
========================================================================
Received Import Request.
  Time since last request: 0.000029 seconds.
  path: Assets/ModularCityAlleyPack/Meshes/Floors/Floor_Plate_Straight_1x_½x_ZigZag.FBX
  artifactKey: Guid(26697840eb67aee41b46b797a7f1a567) Importer(815301076,1909f56bfc062723c751e8b465ee728b)
Start importing Assets/ModularCityAlleyPack/Meshes/Floors/Floor_Plate_Straight_1x_½x_ZigZag.FBX using Guid(26697840eb67aee41b46b797a7f1a567) Importer(815301076,1909f56bfc062723c751e8b465ee728b)  -> (artifact id: 'f2603bce97f7e498f48d0dae13d099d2') in 0.015648 seconds 
========================================================================
Received Import Request.
  Time since last request: 0.000030 seconds.
  path: Assets/ModularCityAlleyPack/Meshes/Floors/Floor_Plate_Straight_2x2.FBX
  artifactKey: Guid(7f778ba95df173e41b2354b16cf8ec7d) Importer(815301076,1909f56bfc062723c751e8b465ee728b)
Start importing Assets/ModularCityAlleyPack/Meshes/Floors/Floor_Plate_Straight_2x2.FBX using Guid(7f778ba95df173e41b2354b16cf8ec7d) Importer(815301076,1909f56bfc062723c751e8b465ee728b)  -> (artifact id: '9a319fc125990609185bef256b3ad6dd') in 0.015833 seconds 
========================================================================
Received Import Request.
  Time since last request: 0.000023 seconds.
  path: Assets/ModularCityAlleyPack/Meshes/Floors/Floor_StonePavemet_A_1½x.FBX
  artifactKey: Guid(b45dfc7b65381c440a8b706dbccff333) Importer(815301076,1909f56bfc062723c751e8b465ee728b)
Start importing Assets/ModularCityAlleyPack/Meshes/Floors/Floor_StonePavemet_A_1½x.FBX using Guid(b45dfc7b65381c440a8b706dbccff333) Importer(815301076,1909f56bfc062723c751e8b465ee728b)  -> (artifact id: 'a66d94a322054318d7f479fa31fdb9bc') in 0.021854 seconds 
========================================================================
Received Import Request.
  Time since last request: 0.000022 seconds.
  path: Assets/ModularCityAlleyPack/Meshes/Floors/Floor_Plate_HillStreet_6x3.FBX
  artifactKey: Guid(373d4fc9da83fe1459022fea6059922f) Importer(815301076,1909f56bfc062723c751e8b465ee728b)
Start importing Assets/ModularCityAlleyPack/Meshes/Floors/Floor_Plate_HillStreet_6x3.FBX using Guid(373d4fc9da83fe1459022fea6059922f) Importer(815301076,1909f56bfc062723c751e8b465ee728b)  -> (artifact id: '633d69da9f4d4b0ecf38a420018553e9') in 0.016853 seconds 
========================================================================
Received Import Request.
  Time since last request: 0.000032 seconds.
  path: Assets/ModularCityAlleyPack/Meshes/Floors/Floor_Plate_StraightStreet_6x3.FBX
  artifactKey: Guid(3555b12ade48fb44a8ccab36b0c5de86) Importer(815301076,1909f56bfc062723c751e8b465ee728b)
Start importing Assets/ModularCityAlleyPack/Meshes/Floors/Floor_Plate_StraightStreet_6x3.FBX using Guid(3555b12ade48fb44a8ccab36b0c5de86) Importer(815301076,1909f56bfc062723c751e8b465ee728b)  -> (artifact id: '927f2ad6100143d10ab4faac0f1a0369') in 0.017742 seconds 
========================================================================
Received Import Request.
  Time since last request: 0.000024 seconds.
  path: Assets/ModularCityAlleyPack/Meshes/Floors/Floor_Plate_Straight_6x2.FBX
  artifactKey: Guid(0ef13d27d1282a146a6f46db803c85a4) Importer(815301076,1909f56bfc062723c751e8b465ee728b)
Start importing Assets/ModularCityAlleyPack/Meshes/Floors/Floor_Plate_Straight_6x2.FBX using Guid(0ef13d27d1282a146a6f46db803c85a4) Importer(815301076,1909f56bfc062723c751e8b465ee728b)  -> (artifact id: '733654ce3cb79aa72b466a94367dc158') in 0.015821 seconds 
========================================================================
Received Import Request.
  Time since last request: 0.000024 seconds.
  path: Assets/ModularCityAlleyPack/Meshes/Floors/Floor_StonePavemet_B_1x.FBX
  artifactKey: Guid(e0c2d7b2766a3bf4bbbd825acf0729e1) Importer(815301076,1909f56bfc062723c751e8b465ee728b)
Start importing Assets/ModularCityAlleyPack/Meshes/Floors/Floor_StonePavemet_B_1x.FBX using Guid(e0c2d7b2766a3bf4bbbd825acf0729e1) Importer(815301076,1909f56bfc062723c751e8b465ee728b)  -> (artifact id: 'a68537385ffc8b3c088663a5ad0fa83d') in 0.020412 seconds 
========================================================================
Received Import Request.
  Time since last request: 0.000036 seconds.
  path: Assets/ModularCityAlleyPack/Meshes/Floors/Floor_StonePavemet_A_3x.FBX
  artifactKey: Guid(b16ff8a0e520a5543bfbd72a7b83ccdb) Importer(815301076,1909f56bfc062723c751e8b465ee728b)
Start importing Assets/ModularCityAlleyPack/Meshes/Floors/Floor_StonePavemet_A_3x.FBX using Guid(b16ff8a0e520a5543bfbd72a7b83ccdb) Importer(815301076,1909f56bfc062723c751e8b465ee728b)  -> (artifact id: '37395df798011b60e85c837c1c5f9468') in 0.021378 seconds 
========================================================================
Received Import Request.
  Time since last request: 0.000030 seconds.
  path: Assets/ModularCityAlleyPack/Meshes/Floors/Floor_StonePavemet_A_1x.FBX
  artifactKey: Guid(9d990e8e5ec83e649bdc8c2a9bb236d9) Importer(815301076,1909f56bfc062723c751e8b465ee728b)
Start importing Assets/ModularCityAlleyPack/Meshes/Floors/Floor_StonePavemet_A_1x.FBX using Guid(9d990e8e5ec83e649bdc8c2a9bb236d9) Importer(815301076,1909f56bfc062723c751e8b465ee728b)  -> (artifact id: 'a16ee98a550a2bafece256eae34e2d50') in 0.020707 seconds 
========================================================================
Received Import Request.
  Time since last request: 0.000031 seconds.
  path: Assets/ModularCityAlleyPack/Meshes/Floors/Floor_StonePavemet_B_1½x.FBX
  artifactKey: Guid(198a9ebada99335478d4867378356bea) Importer(815301076,1909f56bfc062723c751e8b465ee728b)
Start importing Assets/ModularCityAlleyPack/Meshes/Floors/Floor_StonePavemet_B_1½x.FBX using Guid(198a9ebada99335478d4867378356bea) Importer(815301076,1909f56bfc062723c751e8b465ee728b)  -> (artifact id: '7923b402c51a5a82f46329156313c389') in 0.020609 seconds 
========================================================================
Received Import Request.
  Time since last request: 0.000025 seconds.
  path: Assets/ModularCityAlleyPack/Meshes/Floors/Floor_Stairs_B_3x1.FBX
  artifactKey: Guid(e71aea914664a6945b4d1cf0a5fe9a86) Importer(815301076,1909f56bfc062723c751e8b465ee728b)
Start importing Assets/ModularCityAlleyPack/Meshes/Floors/Floor_Stairs_B_3x1.FBX using Guid(e71aea914664a6945b4d1cf0a5fe9a86) Importer(815301076,1909f56bfc062723c751e8b465ee728b)  -> (artifact id: '7a1d51a90158d93fa96559ae07bb0b78') in 0.031143 seconds 
========================================================================
Received Import Request.
  Time since last request: 0.000028 seconds.
  path: Assets/ModularCityAlleyPack/Meshes/Floors/Floor_Plate_Straight_1x2.FBX
  artifactKey: Guid(a7567887eeba8b24dac09cde920531c4) Importer(815301076,1909f56bfc062723c751e8b465ee728b)
Start importing Assets/ModularCityAlleyPack/Meshes/Floors/Floor_Plate_Straight_1x2.FBX using Guid(a7567887eeba8b24dac09cde920531c4) Importer(815301076,1909f56bfc062723c751e8b465ee728b)  -> (artifact id: '5e563543ff2f43a8cc67da71d75fba59') in 0.015988 seconds 
========================================================================
Received Import Request.
  Time since last request: 0.000023 seconds.
  path: Assets/ModularCityAlleyPack/Meshes/Floors/Floor_StonePavemet_B_Corner90deg.FBX
  artifactKey: Guid(d3dcabc2927e76a498d5b141e0ecb106) Importer(815301076,1909f56bfc062723c751e8b465ee728b)
Start importing Assets/ModularCityAlleyPack/Meshes/Floors/Floor_StonePavemet_B_Corner90deg.FBX using Guid(d3dcabc2927e76a498d5b141e0ecb106) Importer(815301076,1909f56bfc062723c751e8b465ee728b)  -> (artifact id: '9ae2973b5e9b03679b502ffd05e94fc0') in 0.020612 seconds 
========================================================================
Received Import Request.
  Time since last request: 0.000021 seconds.
  path: Assets/ModularCityAlleyPack/Meshes/Floors/Floor_Plate_Straight_1x1.FBX
  artifactKey: Guid(8d79b7f081f94b94faea730515f48ce6) Importer(815301076,1909f56bfc062723c751e8b465ee728b)
Start importing Assets/ModularCityAlleyPack/Meshes/Floors/Floor_Plate_Straight_1x1.FBX using Guid(8d79b7f081f94b94faea730515f48ce6) Importer(815301076,1909f56bfc062723c751e8b465ee728b)  -> (artifact id: 'a0e8c769776bb7e1c86ac19f1b43fd40') in 0.017443 seconds 
========================================================================
Received Import Request.
  Time since last request: 0.000026 seconds.
  path: Assets/ModularCityAlleyPack/Meshes/Floors/Floor_StonePavemet_A_Corner45ZigZag.FBX
  artifactKey: Guid(8d3386773490d504ba1e1ed994266aef) Importer(815301076,1909f56bfc062723c751e8b465ee728b)
Start importing Assets/ModularCityAlleyPack/Meshes/Floors/Floor_StonePavemet_A_Corner45ZigZag.FBX using Guid(8d3386773490d504ba1e1ed994266aef) Importer(815301076,1909f56bfc062723c751e8b465ee728b)  -> (artifact id: '43e7a8cb81a73b003eee0919212c39a5') in 0.019279 seconds 
========================================================================
Received Import Request.
  Time since last request: 7.886801 seconds.
  path: Assets/ModularCityAlleyPack/Meshes/Walls/Door_B.FBX
  artifactKey: Guid(2dbeda723508c9d41bc710405b5b348c) Importer(815301076,1909f56bfc062723c751e8b465ee728b)
Start importing Assets/ModularCityAlleyPack/Meshes/Walls/Door_B.FBX using Guid(2dbeda723508c9d41bc710405b5b348c) Importer(815301076,1909f56bfc062723c751e8b465ee728b)  -> (artifact id: 'f686ab521b2288ad36417b1680dd78b4') in 0.032217 seconds 
========================================================================
Received Import Request.
  Time since last request: 0.000021 seconds.
  path: Assets/ModularCityAlleyPack/Meshes/Walls/Wall_B_Brick_Door_E_2x.FBX
  artifactKey: Guid(13ebe45c046db004587832fd3386fc7c) Importer(815301076,1909f56bfc062723c751e8b465ee728b)
Start importing Assets/ModularCityAlleyPack/Meshes/Walls/Wall_B_Brick_Door_E_2x.FBX using Guid(13ebe45c046db004587832fd3386fc7c) Importer(815301076,1909f56bfc062723c751e8b465ee728b)  -> (artifact id: '9faf702a0d90fd1ae6049b8ba31c5977') in 0.280407 seconds 
========================================================================
Received Import Request.
  Time since last request: 0.000022 seconds.
  path: Assets/ModularCityAlleyPack/Meshes/Walls/Wall_A_Brick_Window_F_2x.FBX
  artifactKey: Guid(4ce6844f9c3d50141ab497616914760f) Importer(815301076,1909f56bfc062723c751e8b465ee728b)
Start importing Assets/ModularCityAlleyPack/Meshes/Walls/Wall_A_Brick_Window_F_2x.FBX using Guid(4ce6844f9c3d50141ab497616914760f) Importer(815301076,1909f56bfc062723c751e8b465ee728b)  -> (artifact id: '8d60c20ad3d0648e332a841cfec7b88a') in 0.043118 seconds 
========================================================================
Received Import Request.
  Time since last request: 0.000023 seconds.
  path: Assets/ModularCityAlleyPack/Meshes/Walls/W_WindowSet_C_16x.FBX
  artifactKey: Guid(5032a6360f06db64aa974216e372ad76) Importer(815301076,1909f56bfc062723c751e8b465ee728b)
Start importing Assets/ModularCityAlleyPack/Meshes/Walls/W_WindowSet_C_16x.FBX using Guid(5032a6360f06db64aa974216e372ad76) Importer(815301076,1909f56bfc062723c751e8b465ee728b)  -> (artifact id: '33e6c0255095ecfd6df9a215661f031e') in 0.053980 seconds 
========================================================================
Received Import Request.
  Time since last request: 0.000019 seconds.
  path: Assets/ModularCityAlleyPack/Meshes/Walls/Wall_A_Brick_Door_A_2x.FBX
  artifactKey: Guid(8dba5d062b6aca14aa736c2401efb1e3) Importer(815301076,1909f56bfc062723c751e8b465ee728b)
Start importing Assets/ModularCityAlleyPack/Meshes/Walls/Wall_A_Brick_Door_A_2x.FBX using Guid(8dba5d062b6aca14aa736c2401efb1e3) Importer(815301076,1909f56bfc062723c751e8b465ee728b)  -> (artifact id: 'ff702aed3cfa2f89e3a0e5c1d1f27b26') in 0.047542 seconds 
========================================================================
Received Import Request.
  Time since last request: 0.000025 seconds.
  path: Assets/ModularCityAlleyPack/Meshes/Walls/Wall_A_Brick_DoorsHigh_4x.FBX
  artifactKey: Guid(075e47c1bd480c441ab5674e43e66f42) Importer(815301076,1909f56bfc062723c751e8b465ee728b)
Start importing Assets/ModularCityAlleyPack/Meshes/Walls/Wall_A_Brick_DoorsHigh_4x.FBX using Guid(075e47c1bd480c441ab5674e43e66f42) Importer(815301076,1909f56bfc062723c751e8b465ee728b)  -> (artifact id: '88332ab9fcf6209f37a46a0ccca5306f') in 0.031114 seconds 
========================================================================
Received Import Request.
  Time since last request: 0.000016 seconds.
  path: Assets/ModularCityAlleyPack/Meshes/Walls/W_A_DoorOpen_2x.FBX
  artifactKey: Guid(5bd2af20fb8d23b4c9c6a03458a34101) Importer(815301076,1909f56bfc062723c751e8b465ee728b)
Start importing Assets/ModularCityAlleyPack/Meshes/Walls/W_A_DoorOpen_2x.FBX using Guid(5bd2af20fb8d23b4c9c6a03458a34101) Importer(815301076,1909f56bfc062723c751e8b465ee728b)  -> (artifact id: '13c78eed61cae269851d9dbd1f6cf811') in 0.019711 seconds 
========================================================================
Received Import Request.
  Time since last request: 0.000024 seconds.
  path: Assets/ModularCityAlleyPack/Meshes/Walls/Wall_B_Brick_Door_F_2x.FBX
  artifactKey: Guid(488f86e25033fe643b5c7e5c6f956230) Importer(815301076,1909f56bfc062723c751e8b465ee728b)
Start importing Assets/ModularCityAlleyPack/Meshes/Walls/Wall_B_Brick_Door_F_2x.FBX using Guid(488f86e25033fe643b5c7e5c6f956230) Importer(815301076,1909f56bfc062723c751e8b465ee728b)  -> (artifact id: 'be4a82624b4d9b3f5477d8e62dce9326') in 0.052061 seconds 
========================================================================
Received Import Request.
  Time since last request: 0.000043 seconds.
  path: Assets/ModularCityAlleyPack/Meshes/Walls/Wall_B_Brick_CornerOut_B_1x.FBX
  artifactKey: Guid(22c39b8558a2aa04080b8bc860e51217) Importer(815301076,1909f56bfc062723c751e8b465ee728b)
Start importing Assets/ModularCityAlleyPack/Meshes/Walls/Wall_B_Brick_CornerOut_B_1x.FBX using Guid(22c39b8558a2aa04080b8bc860e51217) Importer(815301076,1909f56bfc062723c751e8b465ee728b)  -> (artifact id: 'f63d9bc8bef8a9cc3571b057e3f54224') in 0.021495 seconds 
========================================================================
Received Import Request.
  Time since last request: 0.000024 seconds.
  path: Assets/ModularCityAlleyPack/Meshes/Walls/W_Shop_Front_C_8x.FBX
  artifactKey: Guid(a7f5a284d5b596d449e840440a0ec8f0) Importer(815301076,1909f56bfc062723c751e8b465ee728b)
Start importing Assets/ModularCityAlleyPack/Meshes/Walls/W_Shop_Front_C_8x.FBX using Guid(a7f5a284d5b596d449e840440a0ec8f0) Importer(815301076,1909f56bfc062723c751e8b465ee728b)  -> (artifact id: '6ad3d7a3d30356a1b89789d07224be52') in 0.122834 seconds 
========================================================================
Received Import Request.
  Time since last request: 0.000021 seconds.
  path: Assets/ModularCityAlleyPack/Meshes/Walls/Wall_A_Brick_Door_F_2x.FBX
  artifactKey: Guid(fe5f9b090c3e0a34c95f7e9abcc0d4b1) Importer(815301076,1909f56bfc062723c751e8b465ee728b)
Start importing Assets/ModularCityAlleyPack/Meshes/Walls/Wall_A_Brick_Door_F_2x.FBX using Guid(fe5f9b090c3e0a34c95f7e9abcc0d4b1) Importer(815301076,1909f56bfc062723c751e8b465ee728b)  -> (artifact id: '4f089fc84fceb28523bb11aa6e5016af') in 0.055988 seconds 
========================================================================
Received Import Request.
  Time since last request: 0.000022 seconds.
  path: Assets/ModularCityAlleyPack/Meshes/Walls/W_Windows_B_16x.FBX
  artifactKey: Guid(0d84d1e03d18fb94e931f2f344e0a50c) Importer(815301076,1909f56bfc062723c751e8b465ee728b)
Start importing Assets/ModularCityAlleyPack/Meshes/Walls/W_Windows_B_16x.FBX using Guid(0d84d1e03d18fb94e931f2f344e0a50c) Importer(815301076,1909f56bfc062723c751e8b465ee728b)  -> (artifact id: '275dfdf60d34aa8c611033fceabbf92f') in 0.036042 seconds 
========================================================================
Received Import Request.
  Time since last request: 0.000028 seconds.
  path: Assets/ModularCityAlleyPack/Meshes/Walls/Wall_A_Brick_Shops_A_4x.FBX
  artifactKey: Guid(b150ac3c80a7ebc44949eff67204578b) Importer(815301076,1909f56bfc062723c751e8b465ee728b)
Start importing Assets/ModularCityAlleyPack/Meshes/Walls/Wall_A_Brick_Shops_A_4x.FBX using Guid(b150ac3c80a7ebc44949eff67204578b) Importer(815301076,1909f56bfc062723c751e8b465ee728b)  -> (artifact id: '6dc696fb707eed72079849fd962a9760') in 0.034147 seconds 
========================================================================
Received Import Request.
  Time since last request: 0.000023 seconds.
  path: Assets/ModularCityAlleyPack/Meshes/Walls/Wall_A_Brick_CornerOut_1x.FBX
  artifactKey: Guid(0be300dd339f3ca488ea4ef857b46fa2) Importer(815301076,1909f56bfc062723c751e8b465ee728b)
Start importing Assets/ModularCityAlleyPack/Meshes/Walls/Wall_A_Brick_CornerOut_1x.FBX using Guid(0be300dd339f3ca488ea4ef857b46fa2) Importer(815301076,1909f56bfc062723c751e8b465ee728b)  -> (artifact id: '38f3f8b49805d5879652fdaa20ef2a8b') in 0.020284 seconds 
========================================================================
Received Import Request.
  Time since last request: 0.000023 seconds.
  path: Assets/ModularCityAlleyPack/Meshes/Walls/Wall_A_Brick_MetalDoorsShop_6x.FBX
  artifactKey: Guid(bb6701b3857dd5143b00e4f18b8fb16c) Importer(815301076,1909f56bfc062723c751e8b465ee728b)
Start importing Assets/ModularCityAlleyPack/Meshes/Walls/Wall_A_Brick_MetalDoorsShop_6x.FBX using Guid(bb6701b3857dd5143b00e4f18b8fb16c) Importer(815301076,1909f56bfc062723c751e8b465ee728b)  -> (artifact id: 'f19176c45070a997775914ca8e67dfca') in 0.045131 seconds 
========================================================================
Received Import Request.
  Time since last request: 0.000025 seconds.
  path: Assets/ModularCityAlleyPack/Meshes/Walls/W_A_DoorOpen_4x.FBX
  artifactKey: Guid(3b2c464671fee48468ca9671d712bbaf) Importer(815301076,1909f56bfc062723c751e8b465ee728b)
Start importing Assets/ModularCityAlleyPack/Meshes/Walls/W_A_DoorOpen_4x.FBX using Guid(3b2c464671fee48468ca9671d712bbaf) Importer(815301076,1909f56bfc062723c751e8b465ee728b)  -> (artifact id: '111003f217980442e82fe7dd4e86cb2f') in 0.020017 seconds 
========================================================================
Received Import Request.
  Time since last request: 0.000022 seconds.
  path: Assets/ModularCityAlleyPack/Meshes/Walls/W_C_DoorOpen_2x.FBX
  artifactKey: Guid(c08e5f5afd0adaf44a3eb2ede392e32b) Importer(815301076,1909f56bfc062723c751e8b465ee728b)
Start importing Assets/ModularCityAlleyPack/Meshes/Walls/W_C_DoorOpen_2x.FBX using Guid(c08e5f5afd0adaf44a3eb2ede392e32b) Importer(815301076,1909f56bfc062723c751e8b465ee728b)  -> (artifact id: '3d3b5d2865e13206ba603286095057e3') in 0.259091 seconds 
========================================================================
Received Import Request.
  Time since last request: 0.000027 seconds.
  path: Assets/ModularCityAlleyPack/Meshes/Walls/Wall_A_Brick_Window_C_2x.FBX
  artifactKey: Guid(9d3d3ce52497aa04fad6b42999871358) Importer(815301076,1909f56bfc062723c751e8b465ee728b)
Start importing Assets/ModularCityAlleyPack/Meshes/Walls/Wall_A_Brick_Window_C_2x.FBX using Guid(9d3d3ce52497aa04fad6b42999871358) Importer(815301076,1909f56bfc062723c751e8b465ee728b)  -> (artifact id: 'c7f61acbbea0fb66b65e5da51d7e52aa') in 0.037310 seconds 
========================================================================
Received Import Request.
  Time since last request: 0.000038 seconds.
  path: Assets/ModularCityAlleyPack/Meshes/Walls/Wall_A_Brick_Window_B_2x.FBX
  artifactKey: Guid(7d81678097982e647b070ffecf2757aa) Importer(815301076,1909f56bfc062723c751e8b465ee728b)
Start importing Assets/ModularCityAlleyPack/Meshes/Walls/Wall_A_Brick_Window_B_2x.FBX using Guid(7d81678097982e647b070ffecf2757aa) Importer(815301076,1909f56bfc062723c751e8b465ee728b)  -> (artifact id: '1ae87e8d6e38569cf47088b37e305f65') in 0.032394 seconds 
========================================================================
Received Import Request.
  Time since last request: 0.000019 seconds.
  path: Assets/ModularCityAlleyPack/Meshes/Walls/W_WindowSet_D_8x.FBX
  artifactKey: Guid(ad65bb629c080834fa6006114dc71b34) Importer(815301076,1909f56bfc062723c751e8b465ee728b)
Start importing Assets/ModularCityAlleyPack/Meshes/Walls/W_WindowSet_D_8x.FBX using Guid(ad65bb629c080834fa6006114dc71b34) Importer(815301076,1909f56bfc062723c751e8b465ee728b)  -> (artifact id: '3f9c8efd0e927122554fbbb501ede163') in 0.028709 seconds 
========================================================================
Received Import Request.
  Time since last request: 0.000021 seconds.
  path: Assets/ModularCityAlleyPack/Meshes/Walls/Wall_A_Brick_DoorRoll_C_6x.FBX
  artifactKey: Guid(070ab4a04a2f82f47ba19ad0acb756bc) Importer(815301076,1909f56bfc062723c751e8b465ee728b)
Start importing Assets/ModularCityAlleyPack/Meshes/Walls/Wall_A_Brick_DoorRoll_C_6x.FBX using Guid(070ab4a04a2f82f47ba19ad0acb756bc) Importer(815301076,1909f56bfc062723c751e8b465ee728b)  -> (artifact id: '50da22f73b76c2e912289564c6b4e676') in 0.030736 seconds 
========================================================================
Received Import Request.
  Time since last request: 0.000029 seconds.
  path: Assets/ModularCityAlleyPack/Meshes/Walls/W_WindowSet_A_16x.FBX
  artifactKey: Guid(dfb28b20910c14b4ba6242f502bcdde2) Importer(815301076,1909f56bfc062723c751e8b465ee728b)
Start importing Assets/ModularCityAlleyPack/Meshes/Walls/W_WindowSet_A_16x.FBX using Guid(dfb28b20910c14b4ba6242f502bcdde2) Importer(815301076,1909f56bfc062723c751e8b465ee728b)  -> (artifact id: '1ce29b5f652264de8cdbe7203a614c14') in 0.042167 seconds 
========================================================================
Received Import Request.
  Time since last request: 0.000028 seconds.
  path: Assets/ModularCityAlleyPack/Meshes/Walls/W_DoorSet_B_16x.FBX
  artifactKey: Guid(04a6411ddce01494e98f342c6cb6ce59) Importer(815301076,1909f56bfc062723c751e8b465ee728b)
Start importing Assets/ModularCityAlleyPack/Meshes/Walls/W_DoorSet_B_16x.FBX using Guid(04a6411ddce01494e98f342c6cb6ce59) Importer(815301076,1909f56bfc062723c751e8b465ee728b)  -> (artifact id: 'cfaf92462c39d35c911ac8aae5a49b23') in 0.052459 seconds 
========================================================================
Received Import Request.
  Time since last request: 0.000033 seconds.
  path: Assets/ModularCityAlleyPack/Meshes/Walls/Wall_B_Brick_Door_B_2x.FBX
  artifactKey: Guid(4152fb2655ad7c148a42889377e95aed) Importer(815301076,1909f56bfc062723c751e8b465ee728b)
Start importing Assets/ModularCityAlleyPack/Meshes/Walls/Wall_B_Brick_Door_B_2x.FBX using Guid(4152fb2655ad7c148a42889377e95aed) Importer(815301076,1909f56bfc062723c751e8b465ee728b)  -> (artifact id: '74ca62e4947a8f3b55a1aee0ba1a158c') in 0.032328 seconds 
========================================================================
Received Import Request.
  Time since last request: 0.000031 seconds.
  path: Assets/ModularCityAlleyPack/Meshes/Walls/Wall_A_Brick_Window_G_1x.FBX
  artifactKey: Guid(ef158528bffc22344b203c3f6b1757a1) Importer(815301076,1909f56bfc062723c751e8b465ee728b)
Start importing Assets/ModularCityAlleyPack/Meshes/Walls/Wall_A_Brick_Window_G_1x.FBX using Guid(ef158528bffc22344b203c3f6b1757a1) Importer(815301076,1909f56bfc062723c751e8b465ee728b)  -> (artifact id: '8b41775e2891b85242a495b7862b1cdd') in 0.030338 seconds 
========================================================================
Received Import Request.
  Time since last request: 129.849657 seconds.
  path: Assets/ModularCityAlleyPack/Meshes/Decals/Decal_Dirt_A.FBX
  artifactKey: Guid(2d8c7262306d663499cf3a156891721b) Importer(815301076,1909f56bfc062723c751e8b465ee728b)
Start importing Assets/ModularCityAlleyPack/Meshes/Decals/Decal_Dirt_A.FBX using Guid(2d8c7262306d663499cf3a156891721b) Importer(815301076,1909f56bfc062723c751e8b465ee728b)  -> (artifact id: 'cabad44e42e810d32b6f59c861666beb') in 0.224859 seconds 
========================================================================
Received Import Request.
  Time since last request: 0.000024 seconds.
  path: Assets/ModularCityAlleyPack/Meshes/Decals/Decal_Dirt_E.FBX
  artifactKey: Guid(0ae404559d6ea354695fdd881ba0f1c8) Importer(815301076,1909f56bfc062723c751e8b465ee728b)
Start importing Assets/ModularCityAlleyPack/Meshes/Decals/Decal_Dirt_E.FBX using Guid(0ae404559d6ea354695fdd881ba0f1c8) Importer(815301076,1909f56bfc062723c751e8b465ee728b)  -> (artifact id: 'bd4cd307708c86234454a1891aa2825f') in 0.014912 seconds 
========================================================================
Received Import Request.
  Time since last request: 0.000028 seconds.
  path: Assets/ModularCityAlleyPack/Meshes/Decals/Decal_Dirt_C.FBX
  artifactKey: Guid(8d9ca518c522dc34b959cfad1da0a9bf) Importer(815301076,1909f56bfc062723c751e8b465ee728b)
Start importing Assets/ModularCityAlleyPack/Meshes/Decals/Decal_Dirt_C.FBX using Guid(8d9ca518c522dc34b959cfad1da0a9bf) Importer(815301076,1909f56bfc062723c751e8b465ee728b)  -> (artifact id: '5856e474f1b76296615d2c72d587e83f') in 0.014541 seconds 
========================================================================
Received Import Request.
  Time since last request: 0.000027 seconds.
  path: Assets/ModularCityAlleyPack/Meshes/Decals/Decal_Water_A.FBX
  artifactKey: Guid(0407940ea23298c4ba767828340b3495) Importer(815301076,1909f56bfc062723c751e8b465ee728b)
Start importing Assets/ModularCityAlleyPack/Meshes/Decals/Decal_Water_A.FBX using Guid(0407940ea23298c4ba767828340b3495) Importer(815301076,1909f56bfc062723c751e8b465ee728b)  -> (artifact id: 'e055c17d989cb4287e7fa7e8458130f3') in 0.212167 seconds 
========================================================================
Received Import Request.
  Time since last request: 0.000020 seconds.
  path: Assets/ModularCityAlleyPack/Meshes/Decals/Decal_Water_C.FBX
  artifactKey: Guid(20b8be11b075fd54d9aa08cbe1e6cef3) Importer(815301076,1909f56bfc062723c751e8b465ee728b)
Start importing Assets/ModularCityAlleyPack/Meshes/Decals/Decal_Water_C.FBX using Guid(20b8be11b075fd54d9aa08cbe1e6cef3) Importer(815301076,1909f56bfc062723c751e8b465ee728b)  -> (artifact id: '397952332d81db713ccdb32ed2584917') in 0.013485 seconds 
Editor requested this worker to shutdown with reason: Scaling down because of idle timeout
AssetImportWorker is now disconnected from the server
Process exiting
Exiting without the bug reporter. Application will terminate with return code 0