Using pre-set license
Built from '2021.2/staging' branch; Version is '2021.2.7f1 (6bd9e232123f) revision 7068130'; Using compiler version '192829333'; Build Type 'Release'
OS: 'Windows 10  (10.0.19044) 64bit Core' Language: 'en' Physical Memory: 16333 MB
BatchMode: 1, IsHumanControllingUs: 0, StartBugReporterOnCrash: 0, Is64bit: 1, IsPro: 0

COMMAND LINE ARGUMENTS:
E:\Unity version\2021.2.7f1\Editor\Unity.exe
-adb2
-batchMode
-noUpm
-name
AssetImportWorker3
-projectPath
E:/GitHub/ProJect-3D/3D Horror Project
-logFile
Logs/AssetImportWorker3.log
-srvPort
59256
Successfully changed project path to: E:/GitHub/ProJect-3D/3D Horror Project
E:/GitHub/ProJect-3D/3D Horror Project
[UnityMemory] Configuration Parameters - Can be set up in boot.config
    "memorysetup-bucket-allocator-granularity=16"
    "memorysetup-bucket-allocator-bucket-count=8"
    "memorysetup-bucket-allocator-block-size=33554432"
    "memorysetup-bucket-allocator-block-count=8"
    "memorysetup-main-allocator-block-size=16777216"
    "memorysetup-thread-allocator-block-size=16777216"
    "memorysetup-gfx-main-allocator-block-size=16777216"
    "memorysetup-gfx-thread-allocator-block-size=16777216"
    "memorysetup-cache-allocator-block-size=4194304"
    "memorysetup-typetree-allocator-block-size=2097152"
    "memorysetup-profiler-bucket-allocator-granularity=16"
    "memorysetup-profiler-bucket-allocator-bucket-count=8"
    "memorysetup-profiler-bucket-allocator-block-size=33554432"
    "memorysetup-profiler-bucket-allocator-block-count=8"
    "memorysetup-profiler-allocator-block-size=16777216"
    "memorysetup-profiler-editor-allocator-block-size=1048576"
    "memorysetup-temp-allocator-size-main=16777216"
    "memorysetup-job-temp-allocator-block-size=2097152"
    "memorysetup-job-temp-allocator-block-size-background=1048576"
    "memorysetup-job-temp-allocator-reduction-small-platforms=262144"
    "memorysetup-temp-allocator-size-background-worker=32768"
    "memorysetup-temp-allocator-size-job-worker=262144"
    "memorysetup-temp-allocator-size-preload-manager=33554432"
    "memorysetup-temp-allocator-size-nav-mesh-worker=65536"
    "memorysetup-temp-allocator-size-audio-worker=65536"
    "memorysetup-temp-allocator-size-cloud-worker=32768"
    "memorysetup-temp-allocator-size-gi-baking-worker=262144"
    "memorysetup-temp-allocator-size-gfx=262144"
Refreshing native plugins compatible for Editor in 81.12 ms, found 3 plugins.
Preloading 0 native plugins for Editor in 0.00 ms.
Initialize engine version: 2021.2.7f1 (6bd9e232123f)
[Subsystems] Discovering subsystems at path E:/Unity version/2021.2.7f1/Editor/Data/Resources/UnitySubsystems
[Subsystems] Discovering subsystems at path E:/GitHub/ProJect-3D/3D Horror Project/Assets
GfxDevice: creating device client; threaded=0; jobified=0
Direct3D:
    Version:  Direct3D 11.0 [level 11.1]
    Renderer: NVIDIA GeForce GTX 1660 (ID=0x2184)
    Vendor:   NVIDIA
    VRAM:     5991 MB
    Driver:   30.0.15.1179
Initialize mono
Mono path[0] = 'E:/Unity version/2021.2.7f1/Editor/Data/Managed'
Mono path[1] = 'E:/Unity version/2021.2.7f1/Editor/Data/MonoBleedingEdge/lib/mono/unityjit-win32'
Mono config path = 'E:/Unity version/2021.2.7f1/Editor/Data/MonoBleedingEdge/etc'
Using monoOptions --debugger-agent=transport=dt_socket,embedding=1,server=y,suspend=n,address=127.0.0.1:56148
Begin MonoManager ReloadAssembly
Registering precompiled unity dll's ...
Register platform support module: E:/Unity version/2021.2.7f1/Editor/Data/PlaybackEngines/WindowsStandaloneSupport/UnityEditor.WindowsStandalone.Extensions.dll
Registered in 0.002449 seconds.
Native extension for WindowsStandalone target not found
Refreshing native plugins compatible for Editor in 72.36 ms, found 3 plugins.
Preloading 0 native plugins for Editor in 0.00 ms.
Mono: successfully reloaded assembly
- Completed reload, in  0.540 seconds
Domain Reload Profiling:
	ReloadAssembly (540ms)
		BeginReloadAssembly (87ms)
			ExecutionOrderSort (0ms)
			DisableScriptedObjects (0ms)
			BackupInstance (0ms)
			ReleaseScriptingObjects (0ms)
			CreateAndSetChildDomain (1ms)
		EndReloadAssembly (388ms)
			LoadAssemblies (87ms)
			RebuildTransferFunctionScriptingTraits (0ms)
			SetupTypeCache (86ms)
			ReleaseScriptCaches (0ms)
			RebuildScriptCaches (28ms)
			SetupLoadedEditorAssemblies (232ms)
				LogAssemblyErrors (0ms)
				InitializePlatformSupportModulesInManaged (13ms)
				SetLoadedEditorAssemblies (0ms)
				RefreshPlugins (72ms)
				BeforeProcessingInitializeOnLoad (1ms)
				ProcessInitializeOnLoadAttributes (108ms)
				ProcessInitializeOnLoadMethodAttributes (38ms)
				AfterProcessingInitializeOnLoad (0ms)
				EditorAssembliesLoaded (0ms)
			ExecutionOrderSort2 (0ms)
			AwakeInstancesAfterBackupRestoration (0ms)
Platform modules already initialized, skipping
Registering precompiled user dll's ...
Registered in 0.005321 seconds.
Begin MonoManager ReloadAssembly
Symbol file LoadedFromMemory doesn't match image E:\GitHub\ProJect-3D\3D Horror Project\Library\PackageCache\com.unity.visualscripting@1.7.6\Editor\VisualScripting.Core\Dependencies\YamlDotNet\Unity.VisualScripting.YamlDotNet.dll
Symbol file LoadedFromMemory doesn't match image E:\GitHub\ProJect-3D\3D Horror Project\Library\PackageCache\com.unity.visualscripting@1.7.6\Editor\VisualScripting.Core\Dependencies\DotNetZip\Unity.VisualScripting.IonicZip.dll
Native extension for WindowsStandalone target not found
Refreshing native plugins compatible for Editor in 0.70 ms, found 3 plugins.
Preloading 0 native plugins for Editor in 0.00 ms.
Mono: successfully reloaded assembly
- Completed reload, in  0.856 seconds
Domain Reload Profiling:
	ReloadAssembly (856ms)
		BeginReloadAssembly (119ms)
			ExecutionOrderSort (0ms)
			DisableScriptedObjects (5ms)
			BackupInstance (0ms)
			ReleaseScriptingObjects (0ms)
			CreateAndSetChildDomain (18ms)
		EndReloadAssembly (657ms)
			LoadAssemblies (82ms)
			RebuildTransferFunctionScriptingTraits (0ms)
			SetupTypeCache (228ms)
			ReleaseScriptCaches (1ms)
			RebuildScriptCaches (42ms)
			SetupLoadedEditorAssemblies (292ms)
				LogAssemblyErrors (0ms)
				InitializePlatformSupportModulesInManaged (9ms)
				SetLoadedEditorAssemblies (0ms)
				RefreshPlugins (1ms)
				BeforeProcessingInitializeOnLoad (65ms)
				ProcessInitializeOnLoadAttributes (194ms)
				ProcessInitializeOnLoadMethodAttributes (19ms)
				AfterProcessingInitializeOnLoad (3ms)
				EditorAssembliesLoaded (0ms)
			ExecutionOrderSort2 (0ms)
			AwakeInstancesAfterBackupRestoration (5ms)
Platform modules already initialized, skipping
========================================================================
Worker process is ready to serve import requests
Launched and connected shader compiler UnityShaderCompiler.exe after 0.10 seconds
Refreshing native plugins compatible for Editor in 0.67 ms, found 3 plugins.
Preloading 0 native plugins for Editor in 0.00 ms.
Unloading 3217 Unused Serialized files (Serialized files now loaded: 0)
Unloading 24 unused Assets / (55.6 KB). Loaded Objects now: 3675.
Memory consumption went from 114.3 MB to 114.2 MB.
Total: 2.765800 ms (FindLiveObjects: 0.269100 ms CreateObjectMapping: 0.086100 ms MarkObjects: 2.346600 ms  DeleteObjects: 0.063100 ms)

AssetImportParameters requested are different than current active one (requested -> active):
  custom:video-decoder-ogg-theora: a1e56fd34408186e4bbccfd4996cb3dc -> 
  custom:container-muxer-webm: aa71ff27fc2769a1b78a27578f13a17b -> 
  custom:container-demuxer-webm: 4f35f7cbe854078d1ac9338744f61a02 -> 
  custom:video-encoder-webm-vp8: eb34c28f22e8b96e1ab97ce403110664 -> 
  custom:audio-encoder-webm-vorbis: bf7c407c2cedff20999df2af8eb42d56 -> 
  custom:framework-win-MediaFoundation: 216162199b28c13a410421893ffa2e32 -> 
  custom:container-demuxer-ogg: 62fdf1f143b41e24485cea50d1cbac27 -> 
  custom:video-decoder-webm-vp8: 9c59270c3fd7afecdb556c50c9e8de78 -> 
  custom:audio-decoder-ogg-vorbis: bf7c407c2cedff20999df2af8eb42d56 -> 
========================================================================
Received Prepare
Registering precompiled user dll's ...
Registered in 0.004593 seconds.
Begin MonoManager ReloadAssembly
Symbol file LoadedFromMemory doesn't match image E:\GitHub\ProJect-3D\3D Horror Project\Library\PackageCache\com.unity.visualscripting@1.7.6\Editor\VisualScripting.Core\Dependencies\YamlDotNet\Unity.VisualScripting.YamlDotNet.dll
Symbol file LoadedFromMemory doesn't match image E:\GitHub\ProJect-3D\3D Horror Project\Library\PackageCache\com.unity.visualscripting@1.7.6\Editor\VisualScripting.Core\Dependencies\DotNetZip\Unity.VisualScripting.IonicZip.dll
Native extension for WindowsStandalone target not found
Refreshing native plugins compatible for Editor in 0.87 ms, found 3 plugins.
Preloading 0 native plugins for Editor in 0.00 ms.
Mono: successfully reloaded assembly
- Completed reload, in  0.967 seconds
Domain Reload Profiling:
	ReloadAssembly (967ms)
		BeginReloadAssembly (161ms)
			ExecutionOrderSort (0ms)
			DisableScriptedObjects (5ms)
			BackupInstance (0ms)
			ReleaseScriptingObjects (0ms)
			CreateAndSetChildDomain (35ms)
		EndReloadAssembly (718ms)
			LoadAssemblies (98ms)
			RebuildTransferFunctionScriptingTraits (0ms)
			SetupTypeCache (263ms)
			ReleaseScriptCaches (1ms)
			RebuildScriptCaches (41ms)
			SetupLoadedEditorAssemblies (299ms)
				LogAssemblyErrors (0ms)
				InitializePlatformSupportModulesInManaged (11ms)
				SetLoadedEditorAssemblies (0ms)
				RefreshPlugins (1ms)
				BeforeProcessingInitializeOnLoad (58ms)
				ProcessInitializeOnLoadAttributes (202ms)
				ProcessInitializeOnLoadMethodAttributes (23ms)
				AfterProcessingInitializeOnLoad (3ms)
				EditorAssembliesLoaded (0ms)
			ExecutionOrderSort2 (0ms)
			AwakeInstancesAfterBackupRestoration (6ms)
Platform modules already initialized, skipping
Refreshing native plugins compatible for Editor in 0.88 ms, found 3 plugins.
Preloading 0 native plugins for Editor in 0.00 ms.
Unloading 3210 Unused Serialized files (Serialized files now loaded: 0)
Unloading 19 unused Assets / (24.6 KB). Loaded Objects now: 3677.
Memory consumption went from 114.0 MB to 114.0 MB.
Total: 2.906900 ms (FindLiveObjects: 0.335400 ms CreateObjectMapping: 0.089600 ms MarkObjects: 2.459500 ms  DeleteObjects: 0.021300 ms)

AssetImportParameters requested are different than current active one (requested -> active):
  custom:video-decoder-ogg-theora: a1e56fd34408186e4bbccfd4996cb3dc -> 
  custom:container-muxer-webm: aa71ff27fc2769a1b78a27578f13a17b -> 
  custom:container-demuxer-webm: 4f35f7cbe854078d1ac9338744f61a02 -> 
  custom:video-encoder-webm-vp8: eb34c28f22e8b96e1ab97ce403110664 -> 
  custom:audio-encoder-webm-vorbis: bf7c407c2cedff20999df2af8eb42d56 -> 
  custom:framework-win-MediaFoundation: 216162199b28c13a410421893ffa2e32 -> 
  custom:container-demuxer-ogg: 62fdf1f143b41e24485cea50d1cbac27 -> 
  custom:video-decoder-webm-vp8: 9c59270c3fd7afecdb556c50c9e8de78 -> 
  custom:audio-decoder-ogg-vorbis: bf7c407c2cedff20999df2af8eb42d56 -> 
========================================================================
Received Prepare
Registering precompiled user dll's ...
Registered in 0.005649 seconds.
Begin MonoManager ReloadAssembly
Symbol file LoadedFromMemory doesn't match image E:\GitHub\ProJect-3D\3D Horror Project\Library\PackageCache\com.unity.visualscripting@1.7.6\Editor\VisualScripting.Core\Dependencies\YamlDotNet\Unity.VisualScripting.YamlDotNet.dll
Symbol file LoadedFromMemory doesn't match image E:\GitHub\ProJect-3D\3D Horror Project\Library\PackageCache\com.unity.visualscripting@1.7.6\Editor\VisualScripting.Core\Dependencies\DotNetZip\Unity.VisualScripting.IonicZip.dll
Native extension for WindowsStandalone target not found
Refreshing native plugins compatible for Editor in 0.87 ms, found 3 plugins.
Preloading 0 native plugins for Editor in 0.00 ms.
Mono: successfully reloaded assembly
- Completed reload, in  0.924 seconds
Domain Reload Profiling:
	ReloadAssembly (925ms)
		BeginReloadAssembly (156ms)
			ExecutionOrderSort (0ms)
			DisableScriptedObjects (5ms)
			BackupInstance (0ms)
			ReleaseScriptingObjects (0ms)
			CreateAndSetChildDomain (34ms)
		EndReloadAssembly (680ms)
			LoadAssemblies (99ms)
			RebuildTransferFunctionScriptingTraits (0ms)
			SetupTypeCache (240ms)
			ReleaseScriptCaches (1ms)
			RebuildScriptCaches (39ms)
			SetupLoadedEditorAssemblies (287ms)
				LogAssemblyErrors (0ms)
				InitializePlatformSupportModulesInManaged (10ms)
				SetLoadedEditorAssemblies (1ms)
				RefreshPlugins (1ms)
				BeforeProcessingInitializeOnLoad (58ms)
				ProcessInitializeOnLoadAttributes (188ms)
				ProcessInitializeOnLoadMethodAttributes (26ms)
				AfterProcessingInitializeOnLoad (3ms)
				EditorAssembliesLoaded (0ms)
			ExecutionOrderSort2 (0ms)
			AwakeInstancesAfterBackupRestoration (6ms)
Platform modules already initialized, skipping
Refreshing native plugins compatible for Editor in 1.11 ms, found 3 plugins.
Preloading 0 native plugins for Editor in 0.00 ms.
Unloading 3210 Unused Serialized files (Serialized files now loaded: 0)
Unloading 19 unused Assets / (24.6 KB). Loaded Objects now: 3679.
Memory consumption went from 114.0 MB to 114.0 MB.
Total: 3.203000 ms (FindLiveObjects: 0.371100 ms CreateObjectMapping: 0.290400 ms MarkObjects: 2.513100 ms  DeleteObjects: 0.026800 ms)

AssetImportParameters requested are different than current active one (requested -> active):
  custom:video-decoder-ogg-theora: a1e56fd34408186e4bbccfd4996cb3dc -> 
  custom:container-muxer-webm: aa71ff27fc2769a1b78a27578f13a17b -> 
  custom:container-demuxer-webm: 4f35f7cbe854078d1ac9338744f61a02 -> 
  custom:video-encoder-webm-vp8: eb34c28f22e8b96e1ab97ce403110664 -> 
  custom:audio-encoder-webm-vorbis: bf7c407c2cedff20999df2af8eb42d56 -> 
  custom:framework-win-MediaFoundation: 216162199b28c13a410421893ffa2e32 -> 
  custom:container-demuxer-ogg: 62fdf1f143b41e24485cea50d1cbac27 -> 
  custom:video-decoder-webm-vp8: 9c59270c3fd7afecdb556c50c9e8de78 -> 
  custom:audio-decoder-ogg-vorbis: bf7c407c2cedff20999df2af8eb42d56 -> 
========================================================================
Received Import Request.
  Time since last request: 74565.533837 seconds.
  path: Assets/ModularCityAlleyPack/Meshes/Walls/Wall_B_Brick_DoorRoll_B_6x.FBX
  artifactKey: Guid(c7a91fa3e17e56f44a8895eb84ba347f) Importer(815301076,1909f56bfc062723c751e8b465ee728b)
Start importing Assets/ModularCityAlleyPack/Meshes/Walls/Wall_B_Brick_DoorRoll_B_6x.FBX using Guid(c7a91fa3e17e56f44a8895eb84ba347f) Importer(815301076,1909f56bfc062723c751e8b465ee728b)  -> (artifact id: 'd940f1b77550d308c07f8df3191fbb7f') in 0.215967 seconds 
========================================================================
Received Import Request.
  Time since last request: 0.000035 seconds.
  path: Assets/ModularCityAlleyPack/Meshes/Walls/Wall_C_Brick_DoorRoll_A_4x.FBX
  artifactKey: Guid(113823d400c174445acd6efb57aca172) Importer(815301076,1909f56bfc062723c751e8b465ee728b)
Start importing Assets/ModularCityAlleyPack/Meshes/Walls/Wall_C_Brick_DoorRoll_A_4x.FBX using Guid(113823d400c174445acd6efb57aca172) Importer(815301076,1909f56bfc062723c751e8b465ee728b)  -> (artifact id: 'fd44f84c8a61e29422425853e6df65a6') in 0.047406 seconds 
========================================================================
Received Import Request.
  Time since last request: 0.000037 seconds.
  path: Assets/ModularCityAlleyPack/Meshes/Walls/Wall_C_Brick_DoorRoll_B_6x.FBX
  artifactKey: Guid(cd8efd0146ad3314186a4354de2d3248) Importer(815301076,1909f56bfc062723c751e8b465ee728b)
Start importing Assets/ModularCityAlleyPack/Meshes/Walls/Wall_C_Brick_DoorRoll_B_6x.FBX using Guid(cd8efd0146ad3314186a4354de2d3248) Importer(815301076,1909f56bfc062723c751e8b465ee728b)  -> (artifact id: '7f2679ba8a8612f0ba0f3f562a19f12d') in 0.047649 seconds 
========================================================================
Received Import Request.
  Time since last request: 0.000018 seconds.
  path: Assets/ModularCityAlleyPack/Meshes/Walls/Wall_B_Brick_Shops_A_4x.FBX
  artifactKey: Guid(7c80c62964a67d94ab76a007a8ada311) Importer(815301076,1909f56bfc062723c751e8b465ee728b)
Start importing Assets/ModularCityAlleyPack/Meshes/Walls/Wall_B_Brick_Shops_A_4x.FBX using Guid(7c80c62964a67d94ab76a007a8ada311) Importer(815301076,1909f56bfc062723c751e8b465ee728b)  -> (artifact id: 'bbd2a6c577ff4630f1d565457606b3b0') in 0.048737 seconds 
========================================================================
Received Import Request.
  Time since last request: 0.000017 seconds.
  path: Assets/ModularCityAlleyPack/Meshes/Walls/Wall_B_Brick_Window_H_2x.FBX
  artifactKey: Guid(06a36b05c1b22fa48a4ef566fa46aca0) Importer(815301076,1909f56bfc062723c751e8b465ee728b)
Start importing Assets/ModularCityAlleyPack/Meshes/Walls/Wall_B_Brick_Window_H_2x.FBX using Guid(06a36b05c1b22fa48a4ef566fa46aca0) Importer(815301076,1909f56bfc062723c751e8b465ee728b)  -> (artifact id: 'cd4a650bdb0ca94fd3949fdd4c759e0f') in 0.040315 seconds 
========================================================================
Received Import Request.
  Time since last request: 0.000030 seconds.
  path: Assets/ModularCityAlleyPack/Meshes/Walls/Wall_C_Brick_Door_C_2x.FBX
  artifactKey: Guid(c90c306cf5ec42648acf54d5ef746031) Importer(815301076,1909f56bfc062723c751e8b465ee728b)
Start importing Assets/ModularCityAlleyPack/Meshes/Walls/Wall_C_Brick_Door_C_2x.FBX using Guid(c90c306cf5ec42648acf54d5ef746031) Importer(815301076,1909f56bfc062723c751e8b465ee728b)  -> (artifact id: '79c5058e1927bbbeb7bede3a25c3a873') in 0.042201 seconds 
========================================================================
Received Import Request.
  Time since last request: 0.000030 seconds.
  path: Assets/ModularCityAlleyPack/Meshes/Walls/Wall_B_Brick_Window_I_2x.FBX
  artifactKey: Guid(b8c7192a4a6c40c428651e2bac5b54fc) Importer(815301076,1909f56bfc062723c751e8b465ee728b)
Start importing Assets/ModularCityAlleyPack/Meshes/Walls/Wall_B_Brick_Window_I_2x.FBX using Guid(b8c7192a4a6c40c428651e2bac5b54fc) Importer(815301076,1909f56bfc062723c751e8b465ee728b)  -> (artifact id: 'eb9fcd25fcd458ee6e626497ddb05566') in 0.044382 seconds 
========================================================================
Received Import Request.
  Time since last request: 0.000021 seconds.
  path: Assets/ModularCityAlleyPack/Meshes/Walls/Wall_B_Brick_Shops_B_4x.FBX
  artifactKey: Guid(e87e4cef0d6c52d4fa6fbc3c6f03bb6c) Importer(815301076,1909f56bfc062723c751e8b465ee728b)
Start importing Assets/ModularCityAlleyPack/Meshes/Walls/Wall_B_Brick_Shops_B_4x.FBX using Guid(e87e4cef0d6c52d4fa6fbc3c6f03bb6c) Importer(815301076,1909f56bfc062723c751e8b465ee728b)  -> (artifact id: '6979d4b3c56fa52d2ecbef13d007e390') in 0.034047 seconds 
========================================================================
Received Import Request.
  Time since last request: 0.000032 seconds.
  path: Assets/ModularCityAlleyPack/Meshes/Walls/Wall_C_Brick_Door_F_2x.FBX
  artifactKey: Guid(f50bb47b6e70aeb43858cb49d758b9d1) Importer(815301076,1909f56bfc062723c751e8b465ee728b)
Start importing Assets/ModularCityAlleyPack/Meshes/Walls/Wall_C_Brick_Door_F_2x.FBX using Guid(f50bb47b6e70aeb43858cb49d758b9d1) Importer(815301076,1909f56bfc062723c751e8b465ee728b)  -> (artifact id: '19916f515ff450c51a18a7e32bfbaafa') in 0.056524 seconds 
========================================================================
Received Import Request.
  Time since last request: 0.000023 seconds.
  path: Assets/ModularCityAlleyPack/Meshes/Walls/Wall_B_Brick_Window_F_2x.FBX
  artifactKey: Guid(af2efb75c04fa8e4da26f4ccb803b115) Importer(815301076,1909f56bfc062723c751e8b465ee728b)
Start importing Assets/ModularCityAlleyPack/Meshes/Walls/Wall_B_Brick_Window_F_2x.FBX using Guid(af2efb75c04fa8e4da26f4ccb803b115) Importer(815301076,1909f56bfc062723c751e8b465ee728b)  -> (artifact id: 'e0b314827c0a7b0960e03f8899270ba5') in 0.036540 seconds 
========================================================================
Received Import Request.
  Time since last request: 0.000040 seconds.
  path: Assets/ModularCityAlleyPack/Meshes/Walls/Wall_B_Brick_Pilar_1x.FBX
  artifactKey: Guid(532733eda62cd4241bda25a6cf2cc2a1) Importer(815301076,1909f56bfc062723c751e8b465ee728b)
Start importing Assets/ModularCityAlleyPack/Meshes/Walls/Wall_B_Brick_Pilar_1x.FBX using Guid(532733eda62cd4241bda25a6cf2cc2a1) Importer(815301076,1909f56bfc062723c751e8b465ee728b)  -> (artifact id: '766b7867bb2af5750d90f785381faae7') in 0.022925 seconds 
========================================================================
Received Import Request.
  Time since last request: 0.000026 seconds.
  path: Assets/ModularCityAlleyPack/Meshes/Walls/Wall_B_Brick_Window_G_1x.FBX
  artifactKey: Guid(a83185cb07b26d34bbe29b3cf75da066) Importer(815301076,1909f56bfc062723c751e8b465ee728b)
Start importing Assets/ModularCityAlleyPack/Meshes/Walls/Wall_B_Brick_Window_G_1x.FBX using Guid(a83185cb07b26d34bbe29b3cf75da066) Importer(815301076,1909f56bfc062723c751e8b465ee728b)  -> (artifact id: 'ab808a50005a108863f6e6cbd1cdf8c2') in 0.033376 seconds 
========================================================================
Received Import Request.
  Time since last request: 0.000027 seconds.
  path: Assets/ModularCityAlleyPack/Meshes/Walls/Wall_C_Brick_2x.FBX
  artifactKey: Guid(49e4e583fe7fcf84b9a2ec7f87be8233) Importer(815301076,1909f56bfc062723c751e8b465ee728b)
Start importing Assets/ModularCityAlleyPack/Meshes/Walls/Wall_C_Brick_2x.FBX using Guid(49e4e583fe7fcf84b9a2ec7f87be8233) Importer(815301076,1909f56bfc062723c751e8b465ee728b)  -> (artifact id: 'df36fe679b48451a5c6ac37a4316076a') in 0.022049 seconds 
========================================================================
Received Import Request.
  Time since last request: 0.000024 seconds.
  path: Assets/ModularCityAlleyPack/Meshes/Walls/Wall_B_Brick_DoorRoll_D_4x.FBX
  artifactKey: Guid(d96967027caa78b43804ef3bf2b72d29) Importer(815301076,1909f56bfc062723c751e8b465ee728b)
Start importing Assets/ModularCityAlleyPack/Meshes/Walls/Wall_B_Brick_DoorRoll_D_4x.FBX using Guid(d96967027caa78b43804ef3bf2b72d29) Importer(815301076,1909f56bfc062723c751e8b465ee728b)  -> (artifact id: '0378a1cc395f03c13cb54f59d616e404') in 0.030674 seconds 
========================================================================
Received Import Request.
  Time since last request: 0.000025 seconds.
  path: Assets/ModularCityAlleyPack/Meshes/Walls/Wall_C_Brick_Door_B_2x.FBX
  artifactKey: Guid(d5a74659d16bd4d4e9048f9eb4254336) Importer(815301076,1909f56bfc062723c751e8b465ee728b)
Start importing Assets/ModularCityAlleyPack/Meshes/Walls/Wall_C_Brick_Door_B_2x.FBX using Guid(d5a74659d16bd4d4e9048f9eb4254336) Importer(815301076,1909f56bfc062723c751e8b465ee728b)  -> (artifact id: '6f5e0b22f548476a04e2ab0207eebdc1') in 0.029056 seconds 
========================================================================
Received Import Request.
  Time since last request: 0.000026 seconds.
  path: Assets/ModularCityAlleyPack/Meshes/Walls/Wall_B_Brick_Window_D_2x.FBX
  artifactKey: Guid(52a3dfc0e854011449bc7f7120da677d) Importer(815301076,1909f56bfc062723c751e8b465ee728b)
Start importing Assets/ModularCityAlleyPack/Meshes/Walls/Wall_B_Brick_Window_D_2x.FBX using Guid(52a3dfc0e854011449bc7f7120da677d) Importer(815301076,1909f56bfc062723c751e8b465ee728b)  -> (artifact id: '283eb30344f11e55761f881260269d61') in 0.036077 seconds 
========================================================================
Received Import Request.
  Time since last request: 0.000041 seconds.
  path: Assets/ModularCityAlleyPack/Meshes/Walls/Wall_C_Brick_CornerOut_1x.FBX
  artifactKey: Guid(476f1ab6fa2529641823ed5c6078b351) Importer(815301076,1909f56bfc062723c751e8b465ee728b)
Start importing Assets/ModularCityAlleyPack/Meshes/Walls/Wall_C_Brick_CornerOut_1x.FBX using Guid(476f1ab6fa2529641823ed5c6078b351) Importer(815301076,1909f56bfc062723c751e8b465ee728b)  -> (artifact id: '213806b9df545e771f03efbb456f9b8e') in 0.021819 seconds 
========================================================================
Received Import Request.
  Time since last request: 0.000021 seconds.
  path: Assets/ModularCityAlleyPack/Meshes/Walls/Wall_C_Brick_RectangleIn_6x.FBX
  artifactKey: Guid(ebfec0a7e72b31948b22811ca14da1a0) Importer(815301076,1909f56bfc062723c751e8b465ee728b)
Start importing Assets/ModularCityAlleyPack/Meshes/Walls/Wall_C_Brick_RectangleIn_6x.FBX using Guid(ebfec0a7e72b31948b22811ca14da1a0) Importer(815301076,1909f56bfc062723c751e8b465ee728b)  -> (artifact id: 'cb8942fc538fb263f938f803789a0534') in 0.022968 seconds 
========================================================================
Received Import Request.
  Time since last request: 0.000021 seconds.
  path: Assets/ModularCityAlleyPack/Meshes/Walls/Wall_C_Brick_Door_D_2x.FBX
  artifactKey: Guid(f9196811d856012499fe0e190b943816) Importer(815301076,1909f56bfc062723c751e8b465ee728b)
Start importing Assets/ModularCityAlleyPack/Meshes/Walls/Wall_C_Brick_Door_D_2x.FBX using Guid(f9196811d856012499fe0e190b943816) Importer(815301076,1909f56bfc062723c751e8b465ee728b)  -> (artifact id: '2588de4ea858d6ea9a1fc69b83db92fb') in 0.040867 seconds 
========================================================================
Received Import Request.
  Time since last request: 0.000029 seconds.
  path: Assets/ModularCityAlleyPack/Meshes/Walls/Wall_B_Brick_MetalDoors_6x.FBX
  artifactKey: Guid(e4343d43711bb8d49b8d69044737aa7c) Importer(815301076,1909f56bfc062723c751e8b465ee728b)
Start importing Assets/ModularCityAlleyPack/Meshes/Walls/Wall_B_Brick_MetalDoors_6x.FBX using Guid(e4343d43711bb8d49b8d69044737aa7c) Importer(815301076,1909f56bfc062723c751e8b465ee728b)  -> (artifact id: 'e1ccbdd6e08171301b99a47cd614b4b6') in 0.035089 seconds 
========================================================================
Received Import Request.
  Time since last request: 0.000028 seconds.
  path: Assets/ModularCityAlleyPack/Meshes/Walls/Wall_B_Brick_Window_B_2x.FBX
  artifactKey: Guid(58b2c805d9c25f84e875ef37451e6ca7) Importer(815301076,1909f56bfc062723c751e8b465ee728b)
Start importing Assets/ModularCityAlleyPack/Meshes/Walls/Wall_B_Brick_Window_B_2x.FBX using Guid(58b2c805d9c25f84e875ef37451e6ca7) Importer(815301076,1909f56bfc062723c751e8b465ee728b)  -> (artifact id: '28628312519ae7bf16d7b8965ce2d73d') in 0.027877 seconds 
========================================================================
Received Import Request.
  Time since last request: 0.000026 seconds.
  path: Assets/ModularCityAlleyPack/Meshes/Walls/Wall_B_Brick_Window_A_2x.FBX
  artifactKey: Guid(bd879119106ce134dba12de905430001) Importer(815301076,1909f56bfc062723c751e8b465ee728b)
Start importing Assets/ModularCityAlleyPack/Meshes/Walls/Wall_B_Brick_Window_A_2x.FBX using Guid(bd879119106ce134dba12de905430001) Importer(815301076,1909f56bfc062723c751e8b465ee728b)  -> (artifact id: 'a70f130a53c628d793232afdab7c99ee') in 0.030306 seconds 
========================================================================
Received Import Request.
  Time since last request: 0.000023 seconds.
  path: Assets/ModularCityAlleyPack/Meshes/Walls/Wall_B_Brick_Shops_AMod_4x01.FBX
  artifactKey: Guid(2319cf39980805b4ab4ea5b1d7c87939) Importer(815301076,1909f56bfc062723c751e8b465ee728b)
Start importing Assets/ModularCityAlleyPack/Meshes/Walls/Wall_B_Brick_Shops_AMod_4x01.FBX using Guid(2319cf39980805b4ab4ea5b1d7c87939) Importer(815301076,1909f56bfc062723c751e8b465ee728b)  -> (artifact id: '4a526b9c701a742209e051e31d0badf1') in 0.036046 seconds 
========================================================================
Received Import Request.
  Time since last request: 0.000024 seconds.
  path: Assets/ModularCityAlleyPack/Meshes/Walls/Wall_C_Brick_Door_A_2x.FBX
  artifactKey: Guid(45b5842a3e94bf94c927da35a8ad7754) Importer(815301076,1909f56bfc062723c751e8b465ee728b)
Start importing Assets/ModularCityAlleyPack/Meshes/Walls/Wall_C_Brick_Door_A_2x.FBX using Guid(45b5842a3e94bf94c927da35a8ad7754) Importer(815301076,1909f56bfc062723c751e8b465ee728b)  -> (artifact id: '2ced1cc9e127707ffe1ce1fd7ebb7172') in 0.036834 seconds 
========================================================================
Received Import Request.
  Time since last request: 0.000021 seconds.
  path: Assets/ModularCityAlleyPack/Meshes/Walls/Wall_C_Brick_4x.FBX
  artifactKey: Guid(aa27d5b4ea1b2634d94acc2acbbf4000) Importer(815301076,1909f56bfc062723c751e8b465ee728b)
Start importing Assets/ModularCityAlleyPack/Meshes/Walls/Wall_C_Brick_4x.FBX using Guid(aa27d5b4ea1b2634d94acc2acbbf4000) Importer(815301076,1909f56bfc062723c751e8b465ee728b)  -> (artifact id: 'b93d267137dffb0050ee4709a7ba67a1') in 0.022149 seconds 
========================================================================
Received Import Request.
  Time since last request: 1.247049 seconds.
  path: Assets/ModularCityAlleyPack/Meshes/Walls/Wall_C_Brick_Shops_BMod_4x.FBX
  artifactKey: Guid(ad615a73afa4d474baaaca8cfe2e0c0e) Importer(815301076,1909f56bfc062723c751e8b465ee728b)
Start importing Assets/ModularCityAlleyPack/Meshes/Walls/Wall_C_Brick_Shops_BMod_4x.FBX using Guid(ad615a73afa4d474baaaca8cfe2e0c0e) Importer(815301076,1909f56bfc062723c751e8b465ee728b)  -> (artifact id: '85c364788eaf7b58ecb5ad73150de8d3') in 0.036082 seconds 
========================================================================
Received Import Request.
  Time since last request: 0.000029 seconds.
  path: Assets/ModularCityAlleyPack/Meshes/Walls/Wall_C_Brick_Window_J_2x.FBX
  artifactKey: Guid(12a0abeed866edd4bbac4769b50c2627) Importer(815301076,1909f56bfc062723c751e8b465ee728b)
Start importing Assets/ModularCityAlleyPack/Meshes/Walls/Wall_C_Brick_Window_J_2x.FBX using Guid(12a0abeed866edd4bbac4769b50c2627) Importer(815301076,1909f56bfc062723c751e8b465ee728b)  -> (artifact id: '28af987596e6ba85976d87cbfee9f400') in 0.031797 seconds 
========================================================================
Received Import Request.
  Time since last request: 0.000029 seconds.
  path: Assets/ModularCityAlleyPack/Meshes/Walls/Wall_C_Brick_Window_H_2x.FBX
  artifactKey: Guid(af85674ce6baccd4b9a10b59e6707253) Importer(815301076,1909f56bfc062723c751e8b465ee728b)
Start importing Assets/ModularCityAlleyPack/Meshes/Walls/Wall_C_Brick_Window_H_2x.FBX using Guid(af85674ce6baccd4b9a10b59e6707253) Importer(815301076,1909f56bfc062723c751e8b465ee728b)  -> (artifact id: '410d207e3c3cc5e638161635fdf01ffd') in 0.042854 seconds 
========================================================================
Received Import Request.
  Time since last request: 0.000022 seconds.
  path: Assets/ModularCityAlleyPack/Meshes/Walls/Wall_C_Brick_Shops_China_4x.FBX
  artifactKey: Guid(1fa376ac89da60a47b007fb0cdfe6b54) Importer(815301076,1909f56bfc062723c751e8b465ee728b)
Start importing Assets/ModularCityAlleyPack/Meshes/Walls/Wall_C_Brick_Shops_China_4x.FBX using Guid(1fa376ac89da60a47b007fb0cdfe6b54) Importer(815301076,1909f56bfc062723c751e8b465ee728b)  -> (artifact id: '9a20b1ecf6085fd81e42642a7b9d12e7') in 0.033391 seconds 
========================================================================
Received Import Request.
  Time since last request: 0.000027 seconds.
  path: Assets/ModularCityAlleyPack/Meshes/Walls/Wall_C_Brick_Window_A_2x.FBX
  artifactKey: Guid(e5cc8cd0a3438df45a9441a5a126c781) Importer(815301076,1909f56bfc062723c751e8b465ee728b)
Start importing Assets/ModularCityAlleyPack/Meshes/Walls/Wall_C_Brick_Window_A_2x.FBX using Guid(e5cc8cd0a3438df45a9441a5a126c781) Importer(815301076,1909f56bfc062723c751e8b465ee728b)  -> (artifact id: '874a1ca9ea168d81a78d4b2361d2eb22') in 0.031785 seconds 
========================================================================
Received Import Request.
  Time since last request: 0.000034 seconds.
  path: Assets/ModularCityAlleyPack/Meshes/Walls/Wall_C_Brick_Window_D_2x.FBX
  artifactKey: Guid(d9dcb7ab115452e4a82989a537e2a428) Importer(815301076,1909f56bfc062723c751e8b465ee728b)
Start importing Assets/ModularCityAlleyPack/Meshes/Walls/Wall_C_Brick_Window_D_2x.FBX using Guid(d9dcb7ab115452e4a82989a537e2a428) Importer(815301076,1909f56bfc062723c751e8b465ee728b)  -> (artifact id: '0aba4600d4dbf5835aecc399bb0c5b9e') in 0.037374 seconds 
========================================================================
Received Import Request.
  Time since last request: 0.000023 seconds.
  path: Assets/ModularCityAlleyPack/Meshes/Walls/Wall_C_Brick_Window_I_2x.FBX
  artifactKey: Guid(a335568b1c5db4e409a51cf56bc4a03b) Importer(815301076,1909f56bfc062723c751e8b465ee728b)
Start importing Assets/ModularCityAlleyPack/Meshes/Walls/Wall_C_Brick_Window_I_2x.FBX using Guid(a335568b1c5db4e409a51cf56bc4a03b) Importer(815301076,1909f56bfc062723c751e8b465ee728b)  -> (artifact id: 'b891581a478b8a87bc646ad6362fce16') in 0.041228 seconds 
========================================================================
Received Import Request.
  Time since last request: 0.000020 seconds.
  path: Assets/ModularCityAlleyPack/Meshes/Walls/Wall_D_Brick_1x.FBX
  artifactKey: Guid(a6c9221a2a19c1d4c8175697b4dbe30a) Importer(815301076,1909f56bfc062723c751e8b465ee728b)
Start importing Assets/ModularCityAlleyPack/Meshes/Walls/Wall_D_Brick_1x.FBX using Guid(a6c9221a2a19c1d4c8175697b4dbe30a) Importer(815301076,1909f56bfc062723c751e8b465ee728b)  -> (artifact id: 'fe173fca4bf1fa5f3a3ad29fa81e1480') in 0.018021 seconds 
========================================================================
Received Import Request.
  Time since last request: 4.569684 seconds.
  path: Assets/ModularCityAlleyPack/Meshes/Walls/Wall_D_Brick_6x.FBX
  artifactKey: Guid(e57e893dcff8dcf4a8899d5222c2145c) Importer(815301076,1909f56bfc062723c751e8b465ee728b)
Start importing Assets/ModularCityAlleyPack/Meshes/Walls/Wall_D_Brick_6x.FBX using Guid(e57e893dcff8dcf4a8899d5222c2145c) Importer(815301076,1909f56bfc062723c751e8b465ee728b)  -> (artifact id: 'd0a2947fc1af825970ab0c9bc9df071f') in 0.021233 seconds 
========================================================================
Received Import Request.
  Time since last request: 0.000021 seconds.
  path: Assets/ModularCityAlleyPack/Meshes/Walls/Wall_D_Brick_Door_F_2x.FBX
  artifactKey: Guid(2b2031bdc41b6bc46bded1a171db8ecc) Importer(815301076,1909f56bfc062723c751e8b465ee728b)
Start importing Assets/ModularCityAlleyPack/Meshes/Walls/Wall_D_Brick_Door_F_2x.FBX using Guid(2b2031bdc41b6bc46bded1a171db8ecc) Importer(815301076,1909f56bfc062723c751e8b465ee728b)  -> (artifact id: '545ec0efa404a84facd1308221c2cd31') in 0.071824 seconds 
========================================================================
Received Import Request.
  Time since last request: 0.000021 seconds.
  path: Assets/ModularCityAlleyPack/Meshes/Walls/Wall_D_Brick_Door_E_2x.FBX
  artifactKey: Guid(aeebe416622818d4abe877e984cdc5d8) Importer(815301076,1909f56bfc062723c751e8b465ee728b)
Start importing Assets/ModularCityAlleyPack/Meshes/Walls/Wall_D_Brick_Door_E_2x.FBX using Guid(aeebe416622818d4abe877e984cdc5d8) Importer(815301076,1909f56bfc062723c751e8b465ee728b)  -> (artifact id: 'c07c62731828b959f100188df360beef') in 0.054539 seconds 
========================================================================
Received Import Request.
  Time since last request: 0.000017 seconds.
  path: Assets/ModularCityAlleyPack/Meshes/Walls/Wall_D_Brick_Door_C_2x.FBX
  artifactKey: Guid(8fb0addbabeb99e47adeed32dcf709ff) Importer(815301076,1909f56bfc062723c751e8b465ee728b)
Start importing Assets/ModularCityAlleyPack/Meshes/Walls/Wall_D_Brick_Door_C_2x.FBX using Guid(8fb0addbabeb99e47adeed32dcf709ff) Importer(815301076,1909f56bfc062723c751e8b465ee728b)  -> (artifact id: '660d5787bf3727ff8f611827de76d627') in 0.046076 seconds 
========================================================================
Received Import Request.
  Time since last request: 0.000027 seconds.
  path: Assets/ModularCityAlleyPack/Meshes/Walls/Wall_D_Brick_Door_A_2x.FBX
  artifactKey: Guid(4a554b03ba143944e847bc5c7f72275f) Importer(815301076,1909f56bfc062723c751e8b465ee728b)
Start importing Assets/ModularCityAlleyPack/Meshes/Walls/Wall_D_Brick_Door_A_2x.FBX using Guid(4a554b03ba143944e847bc5c7f72275f) Importer(815301076,1909f56bfc062723c751e8b465ee728b)  -> (artifact id: '84344db6a1614372cab0912f05661ae6') in 0.043816 seconds 
========================================================================
Received Import Request.
  Time since last request: 0.000022 seconds.
  path: Assets/ModularCityAlleyPack/Meshes/Walls/Wall_D_Brick_CornerOut_1x.FBX
  artifactKey: Guid(28ea172c4cd945d459e60b83154d026a) Importer(815301076,1909f56bfc062723c751e8b465ee728b)
Start importing Assets/ModularCityAlleyPack/Meshes/Walls/Wall_D_Brick_CornerOut_1x.FBX using Guid(28ea172c4cd945d459e60b83154d026a) Importer(815301076,1909f56bfc062723c751e8b465ee728b)  -> (artifact id: '999f91b3e545e766c6679fb8ea62fd6c') in 0.022897 seconds 
========================================================================
Received Import Request.
  Time since last request: 0.039377 seconds.
  path: Assets/ModularCityAlleyPack/Meshes/Walls/Wall_D_Brick_MetalDoorsHigh_4x.FBX
  artifactKey: Guid(dccc99fa1b7d0e6418512fd2e1ef4a00) Importer(815301076,1909f56bfc062723c751e8b465ee728b)
Start importing Assets/ModularCityAlleyPack/Meshes/Walls/Wall_D_Brick_MetalDoorsHigh_4x.FBX using Guid(dccc99fa1b7d0e6418512fd2e1ef4a00) Importer(815301076,1909f56bfc062723c751e8b465ee728b)  -> (artifact id: '3c0e6b3130b1884374561c3f7fecc285') in 0.029422 seconds 
========================================================================
Received Import Request.
  Time since last request: 0.000018 seconds.
  path: Assets/ModularCityAlleyPack/Meshes/Walls/Wall_D_Brick_Shops_A_4x.FBX
  artifactKey: Guid(15acf3adf30244a45863a160db9d39ca) Importer(815301076,1909f56bfc062723c751e8b465ee728b)
Start importing Assets/ModularCityAlleyPack/Meshes/Walls/Wall_D_Brick_Shops_A_4x.FBX using Guid(15acf3adf30244a45863a160db9d39ca) Importer(815301076,1909f56bfc062723c751e8b465ee728b)  -> (artifact id: '72f1cf7617a3dcce0d7d7d8e2f6b2ae2') in 0.036674 seconds 
========================================================================
Received Import Request.
  Time since last request: 0.000017 seconds.
  path: Assets/ModularCityAlleyPack/Meshes/Walls/Wall_D_Brick_Shops_China_4x.FBX
  artifactKey: Guid(372838d6974b3c24cab3aacbe918d53f) Importer(815301076,1909f56bfc062723c751e8b465ee728b)
Start importing Assets/ModularCityAlleyPack/Meshes/Walls/Wall_D_Brick_Shops_China_4x.FBX using Guid(372838d6974b3c24cab3aacbe918d53f) Importer(815301076,1909f56bfc062723c751e8b465ee728b)  -> (artifact id: 'bb2daf6d331e69a526a7270bab3a09f7') in 0.033977 seconds 
========================================================================
Received Import Request.
  Time since last request: 0.000030 seconds.
  path: Assets/ModularCityAlleyPack/Meshes/Walls/Wall_D_Brick_Shops_B_4x.FBX
  artifactKey: Guid(915e5a3fd8950574dab0b1e715e55433) Importer(815301076,1909f56bfc062723c751e8b465ee728b)
Start importing Assets/ModularCityAlleyPack/Meshes/Walls/Wall_D_Brick_Shops_B_4x.FBX using Guid(915e5a3fd8950574dab0b1e715e55433) Importer(815301076,1909f56bfc062723c751e8b465ee728b)  -> (artifact id: '0292dfa238f920c55b49930a85853c44') in 0.036060 seconds 
========================================================================
Received Import Request.
  Time since last request: 0.000031 seconds.
  path: Assets/ModularCityAlleyPack/Meshes/Walls/Wall_D_Brick_Window_B_2x.FBX
  artifactKey: Guid(f6b63bf1d92fcff41b811f9d7c14bf80) Importer(815301076,1909f56bfc062723c751e8b465ee728b)
Start importing Assets/ModularCityAlleyPack/Meshes/Walls/Wall_D_Brick_Window_B_2x.FBX using Guid(f6b63bf1d92fcff41b811f9d7c14bf80) Importer(815301076,1909f56bfc062723c751e8b465ee728b)  -> (artifact id: '4d0c6bf558bfa97172eb8966ee5e61d7') in 0.030104 seconds 
========================================================================
Received Import Request.
  Time since last request: 0.010875 seconds.
  path: Assets/ModularCityAlleyPack/Meshes/Walls/Wall_D_Brick_Window_H_2x.FBX
  artifactKey: Guid(3fb646310823cd3469b00f30d7596376) Importer(815301076,1909f56bfc062723c751e8b465ee728b)
Start importing Assets/ModularCityAlleyPack/Meshes/Walls/Wall_D_Brick_Window_H_2x.FBX using Guid(3fb646310823cd3469b00f30d7596376) Importer(815301076,1909f56bfc062723c751e8b465ee728b)  -> (artifact id: '5269155929b3ae16cb2535bd8c5dfe1f') in 0.042387 seconds 
========================================================================
Received Import Request.
  Time since last request: 0.000024 seconds.
  path: Assets/ModularCityAlleyPack/Meshes/Walls/Window_C.FBX
  artifactKey: Guid(4bea5a8a78170e84eaf86b691f6864d6) Importer(815301076,1909f56bfc062723c751e8b465ee728b)
Start importing Assets/ModularCityAlleyPack/Meshes/Walls/Window_C.FBX using Guid(4bea5a8a78170e84eaf86b691f6864d6) Importer(815301076,1909f56bfc062723c751e8b465ee728b)  -> (artifact id: '5a42f59f76321e7d6bedb189a564f95c') in 0.028381 seconds 
========================================================================
Received Import Request.
  Time since last request: 0.000019 seconds.
  path: Assets/ModularCityAlleyPack/Meshes/Walls/WallFence_A_4x.FBX
  artifactKey: Guid(bdb0cd6e38b4b054f8170f94276ef22d) Importer(815301076,1909f56bfc062723c751e8b465ee728b)
Start importing Assets/ModularCityAlleyPack/Meshes/Walls/WallFence_A_4x.FBX using Guid(bdb0cd6e38b4b054f8170f94276ef22d) Importer(815301076,1909f56bfc062723c751e8b465ee728b)  -> (artifact id: '7474fe6bdcb2bfcabc71003c155c6f98') in 0.021232 seconds 
========================================================================
Received Import Request.
  Time since last request: 0.000023 seconds.
  path: Assets/ModularCityAlleyPack/Meshes/Walls/Wall_D_Brick_Window_J_2x.FBX
  artifactKey: Guid(262004a29a4cab8499e4539fbe40f79d) Importer(815301076,1909f56bfc062723c751e8b465ee728b)
Start importing Assets/ModularCityAlleyPack/Meshes/Walls/Wall_D_Brick_Window_J_2x.FBX using Guid(262004a29a4cab8499e4539fbe40f79d) Importer(815301076,1909f56bfc062723c751e8b465ee728b)  -> (artifact id: 'ef5cad4d34ed8e7fe9d296e85978a4f3') in 0.030125 seconds 
========================================================================
Received Import Request.
  Time since last request: 0.000021 seconds.
  path: Assets/ModularCityAlleyPack/Meshes/Walls/Wall_PilarConcrete_3½x.FBX
  artifactKey: Guid(d7088334b974aec4983ec7f6c63a4f36) Importer(815301076,1909f56bfc062723c751e8b465ee728b)
Start importing Assets/ModularCityAlleyPack/Meshes/Walls/Wall_PilarConcrete_3½x.FBX using Guid(d7088334b974aec4983ec7f6c63a4f36) Importer(815301076,1909f56bfc062723c751e8b465ee728b)  -> (artifact id: '77962b9fee53de18bd858dbdbbb5bcfb') in 0.018880 seconds 
========================================================================
Received Import Request.
  Time since last request: 0.000026 seconds.
  path: Assets/ModularCityAlleyPack/Meshes/Walls/Wall_Horizontal_Pilar.FBX
  artifactKey: Guid(79e0267cbc8aa7240915e96bca918979) Importer(815301076,1909f56bfc062723c751e8b465ee728b)
Start importing Assets/ModularCityAlleyPack/Meshes/Walls/Wall_Horizontal_Pilar.FBX using Guid(79e0267cbc8aa7240915e96bca918979) Importer(815301076,1909f56bfc062723c751e8b465ee728b)  -> (artifact id: '76612a0dfd1f882be642c1212d2c0652') in 0.015306 seconds 
========================================================================
Received Import Request.
  Time since last request: 8.005356 seconds.
  path: Assets/ModularCityAlleyPack/Prefabs/Prefabs_Walls/Doors/Door_C.prefab
  artifactKey: Guid(51e1114007303274b936ce118fedff0e) Importer(815301076,1909f56bfc062723c751e8b465ee728b)
Start importing Assets/ModularCityAlleyPack/Prefabs/Prefabs_Walls/Doors/Door_C.prefab using Guid(51e1114007303274b936ce118fedff0e) Importer(815301076,1909f56bfc062723c751e8b465ee728b)  -> (artifact id: '16459c77ca4357a3f9c4792f1941ae11') in 0.052820 seconds 
========================================================================
Received Import Request.
  Time since last request: 6.312694 seconds.
  path: Assets/ModularCityAlleyPack/Prefabs/Prefabs_Walls/WallFence/Wall_PilarConcrete_3½x.prefab
  artifactKey: Guid(c7ae6e8cfca0bfc4493c3ff2af09ef1c) Importer(815301076,1909f56bfc062723c751e8b465ee728b)
Start importing Assets/ModularCityAlleyPack/Prefabs/Prefabs_Walls/WallFence/Wall_PilarConcrete_3½x.prefab using Guid(c7ae6e8cfca0bfc4493c3ff2af09ef1c) Importer(815301076,1909f56bfc062723c751e8b465ee728b)  -> (artifact id: '007a78c947c9045530b366b3063b3a1c') in 0.012604 seconds 
========================================================================
Received Import Request.
  Time since last request: 0.000020 seconds.
  path: Assets/ModularCityAlleyPack/Prefabs/Prefabs_Walls/WallFence/WallFence_A_Tile_4x.prefab
  artifactKey: Guid(3ee15e92720928b45997243272f996b4) Importer(815301076,1909f56bfc062723c751e8b465ee728b)
Start importing Assets/ModularCityAlleyPack/Prefabs/Prefabs_Walls/WallFence/WallFence_A_Tile_4x.prefab using Guid(3ee15e92720928b45997243272f996b4) Importer(815301076,1909f56bfc062723c751e8b465ee728b)  -> (artifact id: 'ba6df3abea849fb8c5848c423c04f18e') in 0.021772 seconds 
========================================================================
Received Import Request.
  Time since last request: 24.245822 seconds.
  path: Assets/ModularCityAlleyPack/Prefabs/Prefabs_Walls/Walls_D/CornersPilars/Wall_D_Brick_CornerOut_B_1x.prefab
  artifactKey: Guid(b23d910c9cdb8174ba173ad8de3bd4e5) Importer(815301076,1909f56bfc062723c751e8b465ee728b)
Start importing Assets/ModularCityAlleyPack/Prefabs/Prefabs_Walls/Walls_D/CornersPilars/Wall_D_Brick_CornerOut_B_1x.prefab using Guid(b23d910c9cdb8174ba173ad8de3bd4e5) Importer(815301076,1909f56bfc062723c751e8b465ee728b)  -> (artifact id: '25e3fefabd6f00fb12fb28ba4749be29') in 0.018539 seconds 
========================================================================
Received Import Request.
  Time since last request: 0.000017 seconds.
  path: Assets/ModularCityAlleyPack/Prefabs/Prefabs_Walls/Walls_D/CornersPilars/Wall_D_Brick_Pilar_1x.prefab
  artifactKey: Guid(0708e6ee2df0719408caa2c84132022b) Importer(815301076,1909f56bfc062723c751e8b465ee728b)
Start importing Assets/ModularCityAlleyPack/Prefabs/Prefabs_Walls/Walls_D/CornersPilars/Wall_D_Brick_Pilar_1x.prefab using Guid(0708e6ee2df0719408caa2c84132022b) Importer(815301076,1909f56bfc062723c751e8b465ee728b)  -> (artifact id: 'bff8b00d1eaaae8f6008fbafea627f67') in 0.023571 seconds 
========================================================================
Received Import Request.
  Time since last request: 24.518328 seconds.
  path: Assets/ModularCityAlleyPack/Prefabs/Prefabs_Walls/Walls_A/Walls_A/Wall_A_Brick_2x.prefab
  artifactKey: Guid(aacab338ca8239840bf2ce2186b42bca) Importer(815301076,1909f56bfc062723c751e8b465ee728b)
Start importing Assets/ModularCityAlleyPack/Prefabs/Prefabs_Walls/Walls_A/Walls_A/Wall_A_Brick_2x.prefab using Guid(aacab338ca8239840bf2ce2186b42bca) Importer(815301076,1909f56bfc062723c751e8b465ee728b)  -> (artifact id: 'e31f49fe729c94a5244133fd1a94d099') in 0.014026 seconds 
========================================================================
Received Import Request.
  Time since last request: 0.000014 seconds.
  path: Assets/ModularCityAlleyPack/Prefabs/Prefabs_Walls/Walls_A/Walls_A/Wall_A_Brick_4x.prefab
  artifactKey: Guid(611aad38e5f5bfc469f92453ab234c6d) Importer(815301076,1909f56bfc062723c751e8b465ee728b)
Start importing Assets/ModularCityAlleyPack/Prefabs/Prefabs_Walls/Walls_A/Walls_A/Wall_A_Brick_4x.prefab using Guid(611aad38e5f5bfc469f92453ab234c6d) Importer(815301076,1909f56bfc062723c751e8b465ee728b)  -> (artifact id: 'acd2500a1342ca93b4828107e68db9f6') in 0.018875 seconds 
========================================================================
Received Import Request.
  Time since last request: 11.676046 seconds.
  path: Assets/ModularCityAlleyPack/Prefabs/Prefabs_Walls/Walls_A/SmallDoors/Wall_A_Brick_Door_B_2x.prefab
  artifactKey: Guid(06e1a677a05ca8e41b6a26d9699e788e) Importer(815301076,1909f56bfc062723c751e8b465ee728b)
Start importing Assets/ModularCityAlleyPack/Prefabs/Prefabs_Walls/Walls_A/SmallDoors/Wall_A_Brick_Door_B_2x.prefab using Guid(06e1a677a05ca8e41b6a26d9699e788e) Importer(815301076,1909f56bfc062723c751e8b465ee728b)  -> (artifact id: '93a3f1eebda689d7f52e334371ef5673') in 0.042760 seconds 
========================================================================
Received Import Request.
  Time since last request: 0.000026 seconds.
  path: Assets/ModularCityAlleyPack/Prefabs/Prefabs_Walls/Walls_A/SmallDoors/Wall_A_Brick_Door_D_2x.prefab
  artifactKey: Guid(1c5e8a0dd4c3d974f911bfd04f6a9a27) Importer(815301076,1909f56bfc062723c751e8b465ee728b)
Start importing Assets/ModularCityAlleyPack/Prefabs/Prefabs_Walls/Walls_A/SmallDoors/Wall_A_Brick_Door_D_2x.prefab using Guid(1c5e8a0dd4c3d974f911bfd04f6a9a27) Importer(815301076,1909f56bfc062723c751e8b465ee728b)  -> (artifact id: '48b2b6d3b55ce045acf22ba46fa474fc') in 0.036295 seconds 
Editor requested this worker to shutdown with reason: Scaling down because of idle timeout
AssetImportWorker is now disconnected from the server
Process exiting
Exiting without the bug reporter. Application will terminate with return code 0