Using pre-set license
Built from '2021.2/staging' branch; Version is '2021.2.7f1 (6bd9e232123f) revision 7068130'; Using compiler version '192829333'; Build Type 'Release'
OS: 'Windows 10  (10.0.19044) 64bit Core' Language: 'en' Physical Memory: 16333 MB
BatchMode: 1, IsHumanControllingUs: 0, StartBugReporterOnCrash: 0, Is64bit: 1, IsPro: 0

COMMAND LINE ARGUMENTS:
E:\Unity version\2021.2.7f1\Editor\Unity.exe
-adb2
-batchMode
-noUpm
-name
AssetImportWorker7
-projectPath
E:/GitHub/ProJect-3D/3D Horror Project
-logFile
Logs/AssetImportWorker7.log
-srvPort
59256
Successfully changed project path to: E:/GitHub/ProJect-3D/3D Horror Project
E:/GitHub/ProJect-3D/3D Horror Project
[UnityMemory] Configuration Parameters - Can be set up in boot.config
    "memorysetup-bucket-allocator-granularity=16"
    "memorysetup-bucket-allocator-bucket-count=8"
    "memorysetup-bucket-allocator-block-size=33554432"
    "memorysetup-bucket-allocator-block-count=8"
    "memorysetup-main-allocator-block-size=16777216"
    "memorysetup-thread-allocator-block-size=16777216"
    "memorysetup-gfx-main-allocator-block-size=16777216"
    "memorysetup-gfx-thread-allocator-block-size=16777216"
    "memorysetup-cache-allocator-block-size=4194304"
    "memorysetup-typetree-allocator-block-size=2097152"
    "memorysetup-profiler-bucket-allocator-granularity=16"
    "memorysetup-profiler-bucket-allocator-bucket-count=8"
    "memorysetup-profiler-bucket-allocator-block-size=33554432"
    "memorysetup-profiler-bucket-allocator-block-count=8"
    "memorysetup-profiler-allocator-block-size=16777216"
    "memorysetup-profiler-editor-allocator-block-size=1048576"
    "memorysetup-temp-allocator-size-main=16777216"
    "memorysetup-job-temp-allocator-block-size=2097152"
    "memorysetup-job-temp-allocator-block-size-background=1048576"
    "memorysetup-job-temp-allocator-reduction-small-platforms=262144"
    "memorysetup-temp-allocator-size-background-worker=32768"
    "memorysetup-temp-allocator-size-job-worker=262144"
    "memorysetup-temp-allocator-size-preload-manager=33554432"
    "memorysetup-temp-allocator-size-nav-mesh-worker=65536"
    "memorysetup-temp-allocator-size-audio-worker=65536"
    "memorysetup-temp-allocator-size-cloud-worker=32768"
    "memorysetup-temp-allocator-size-gi-baking-worker=262144"
    "memorysetup-temp-allocator-size-gfx=262144"
Refreshing native plugins compatible for Editor in 74.34 ms, found 3 plugins.
Preloading 0 native plugins for Editor in 0.00 ms.
Initialize engine version: 2021.2.7f1 (6bd9e232123f)
[Subsystems] Discovering subsystems at path E:/Unity version/2021.2.7f1/Editor/Data/Resources/UnitySubsystems
[Subsystems] Discovering subsystems at path E:/GitHub/ProJect-3D/3D Horror Project/Assets
GfxDevice: creating device client; threaded=0; jobified=0
Direct3D:
    Version:  Direct3D 11.0 [level 11.1]
    Renderer: NVIDIA GeForce GTX 1660 (ID=0x2184)
    Vendor:   NVIDIA
    VRAM:     5991 MB
    Driver:   30.0.15.1179
Initialize mono
Mono path[0] = 'E:/Unity version/2021.2.7f1/Editor/Data/Managed'
Mono path[1] = 'E:/Unity version/2021.2.7f1/Editor/Data/MonoBleedingEdge/lib/mono/unityjit-win32'
Mono config path = 'E:/Unity version/2021.2.7f1/Editor/Data/MonoBleedingEdge/etc'
Using monoOptions --debugger-agent=transport=dt_socket,embedding=1,server=y,suspend=n,address=127.0.0.1:56392
Begin MonoManager ReloadAssembly
Registering precompiled unity dll's ...
Register platform support module: E:/Unity version/2021.2.7f1/Editor/Data/PlaybackEngines/WindowsStandaloneSupport/UnityEditor.WindowsStandalone.Extensions.dll
Registered in 0.002442 seconds.
Native extension for WindowsStandalone target not found
Refreshing native plugins compatible for Editor in 73.36 ms, found 3 plugins.
Preloading 0 native plugins for Editor in 0.00 ms.
Mono: successfully reloaded assembly
- Completed reload, in  0.521 seconds
Domain Reload Profiling:
	ReloadAssembly (521ms)
		BeginReloadAssembly (74ms)
			ExecutionOrderSort (0ms)
			DisableScriptedObjects (0ms)
			BackupInstance (0ms)
			ReleaseScriptingObjects (0ms)
			CreateAndSetChildDomain (1ms)
		EndReloadAssembly (385ms)
			LoadAssemblies (74ms)
			RebuildTransferFunctionScriptingTraits (0ms)
			SetupTypeCache (87ms)
			ReleaseScriptCaches (0ms)
			RebuildScriptCaches (23ms)
			SetupLoadedEditorAssemblies (233ms)
				LogAssemblyErrors (0ms)
				InitializePlatformSupportModulesInManaged (13ms)
				SetLoadedEditorAssemblies (0ms)
				RefreshPlugins (73ms)
				BeforeProcessingInitializeOnLoad (1ms)
				ProcessInitializeOnLoadAttributes (108ms)
				ProcessInitializeOnLoadMethodAttributes (37ms)
				AfterProcessingInitializeOnLoad (0ms)
				EditorAssembliesLoaded (0ms)
			ExecutionOrderSort2 (0ms)
			AwakeInstancesAfterBackupRestoration (0ms)
Platform modules already initialized, skipping
Registering precompiled user dll's ...
Registered in 0.004946 seconds.
Begin MonoManager ReloadAssembly
Symbol file LoadedFromMemory doesn't match image E:\GitHub\ProJect-3D\3D Horror Project\Library\PackageCache\com.unity.visualscripting@1.7.6\Editor\VisualScripting.Core\Dependencies\YamlDotNet\Unity.VisualScripting.YamlDotNet.dll
Symbol file LoadedFromMemory doesn't match image E:\GitHub\ProJect-3D\3D Horror Project\Library\PackageCache\com.unity.visualscripting@1.7.6\Editor\VisualScripting.Core\Dependencies\DotNetZip\Unity.VisualScripting.IonicZip.dll
Native extension for WindowsStandalone target not found
Refreshing native plugins compatible for Editor in 0.70 ms, found 3 plugins.
Preloading 0 native plugins for Editor in 0.00 ms.
Mono: successfully reloaded assembly
- Completed reload, in  0.874 seconds
Domain Reload Profiling:
	ReloadAssembly (875ms)
		BeginReloadAssembly (107ms)
			ExecutionOrderSort (0ms)
			DisableScriptedObjects (5ms)
			BackupInstance (0ms)
			ReleaseScriptingObjects (0ms)
			CreateAndSetChildDomain (18ms)
		EndReloadAssembly (686ms)
			LoadAssemblies (80ms)
			RebuildTransferFunctionScriptingTraits (0ms)
			SetupTypeCache (216ms)
			ReleaseScriptCaches (1ms)
			RebuildScriptCaches (43ms)
			SetupLoadedEditorAssemblies (328ms)
				LogAssemblyErrors (0ms)
				InitializePlatformSupportModulesInManaged (10ms)
				SetLoadedEditorAssemblies (0ms)
				RefreshPlugins (1ms)
				BeforeProcessingInitializeOnLoad (69ms)
				ProcessInitializeOnLoadAttributes (224ms)
				ProcessInitializeOnLoadMethodAttributes (22ms)
				AfterProcessingInitializeOnLoad (3ms)
				EditorAssembliesLoaded (0ms)
			ExecutionOrderSort2 (0ms)
			AwakeInstancesAfterBackupRestoration (5ms)
Platform modules already initialized, skipping
========================================================================
Worker process is ready to serve import requests
Launched and connected shader compiler UnityShaderCompiler.exe after 0.05 seconds
Refreshing native plugins compatible for Editor in 0.72 ms, found 3 plugins.
Preloading 0 native plugins for Editor in 0.00 ms.
Unloading 3217 Unused Serialized files (Serialized files now loaded: 0)
Unloading 24 unused Assets / (55.6 KB). Loaded Objects now: 3675.
Memory consumption went from 114.3 MB to 114.2 MB.
Total: 2.890100 ms (FindLiveObjects: 0.312400 ms CreateObjectMapping: 0.094500 ms MarkObjects: 2.408500 ms  DeleteObjects: 0.073800 ms)

AssetImportParameters requested are different than current active one (requested -> active):
  custom:video-decoder-ogg-theora: a1e56fd34408186e4bbccfd4996cb3dc -> 
  custom:container-muxer-webm: aa71ff27fc2769a1b78a27578f13a17b -> 
  custom:container-demuxer-webm: 4f35f7cbe854078d1ac9338744f61a02 -> 
  custom:video-encoder-webm-vp8: eb34c28f22e8b96e1ab97ce403110664 -> 
  custom:audio-encoder-webm-vorbis: bf7c407c2cedff20999df2af8eb42d56 -> 
  custom:framework-win-MediaFoundation: 216162199b28c13a410421893ffa2e32 -> 
  custom:container-demuxer-ogg: 62fdf1f143b41e24485cea50d1cbac27 -> 
  custom:video-decoder-webm-vp8: 9c59270c3fd7afecdb556c50c9e8de78 -> 
  custom:audio-decoder-ogg-vorbis: bf7c407c2cedff20999df2af8eb42d56 -> 
========================================================================
Received Import Request.
  Time since last request: 75653.117814 seconds.
  path: Assets/ModularCityAlleyPack/Prefabs/Prefabs_Walls/Walls_A/Sets/W_DoorSet_B_16x.prefab
  artifactKey: Guid(ae29828ffa6e55442bf4b701e7e3d8c8) Importer(815301076,1909f56bfc062723c751e8b465ee728b)
Start importing Assets/ModularCityAlleyPack/Prefabs/Prefabs_Walls/Walls_A/Sets/W_DoorSet_B_16x.prefab using Guid(ae29828ffa6e55442bf4b701e7e3d8c8) Importer(815301076,1909f56bfc062723c751e8b465ee728b)  -> (artifact id: 'debf6265e0dca7835ea1f8b7be1dd0bc') in 0.201044 seconds 
========================================================================
Received Import Request.
  Time since last request: 0.000048 seconds.
  path: Assets/ModularCityAlleyPack/Prefabs/Prefabs_Walls/Walls_A/Sets/W_Shop_Front_D_8x.prefab
  artifactKey: Guid(1f066457c0f899e4a9cc1afbadb56152) Importer(815301076,1909f56bfc062723c751e8b465ee728b)
Start importing Assets/ModularCityAlleyPack/Prefabs/Prefabs_Walls/Walls_A/Sets/W_Shop_Front_D_8x.prefab using Guid(1f066457c0f899e4a9cc1afbadb56152) Importer(815301076,1909f56bfc062723c751e8b465ee728b)  -> (artifact id: 'e4fe8bda2319fb75864f88ae7f0af812') in 0.083095 seconds 
========================================================================
Received Import Request.
  Time since last request: 44.176068 seconds.
  path: Assets/ModularCityAlleyPack/Prefabs/Prefabs_Walls/Walls_B/CornersPilars/Wall_B_Brick_CornerOut_B_1x.prefab
  artifactKey: Guid(aa6c6405afc374949a106427390a4526) Importer(815301076,1909f56bfc062723c751e8b465ee728b)
Start importing Assets/ModularCityAlleyPack/Prefabs/Prefabs_Walls/Walls_B/CornersPilars/Wall_B_Brick_CornerOut_B_1x.prefab using Guid(aa6c6405afc374949a106427390a4526) Importer(815301076,1909f56bfc062723c751e8b465ee728b)  -> (artifact id: '30fd962c4376da27551e449e578b6850') in 0.019397 seconds 
========================================================================
Received Import Request.
  Time since last request: 0.829337 seconds.
  path: Assets/ModularCityAlleyPack/Prefabs/Prefabs_Walls/Walls_B/LargeDoors/Wall_B_Brick_DoorRoll_B_6x.prefab
  artifactKey: Guid(ee065e2fc7f0a094b898e3260aae20f4) Importer(815301076,1909f56bfc062723c751e8b465ee728b)
Start importing Assets/ModularCityAlleyPack/Prefabs/Prefabs_Walls/Walls_B/LargeDoors/Wall_B_Brick_DoorRoll_B_6x.prefab using Guid(ee065e2fc7f0a094b898e3260aae20f4) Importer(815301076,1909f56bfc062723c751e8b465ee728b)  -> (artifact id: 'dbf18b2430cc7341e8040bef497cc56c') in 0.030011 seconds 
========================================================================
Received Import Request.
  Time since last request: 0.000024 seconds.
  path: Assets/ModularCityAlleyPack/Prefabs/Prefabs_Walls/Walls_B/LargeDoors/Wall_B_Brick_Shops_AMod_4x.prefab
  artifactKey: Guid(0b73d5333e79a7347b1d2fd1e5fa1831) Importer(815301076,1909f56bfc062723c751e8b465ee728b)
Start importing Assets/ModularCityAlleyPack/Prefabs/Prefabs_Walls/Walls_B/LargeDoors/Wall_B_Brick_Shops_AMod_4x.prefab using Guid(0b73d5333e79a7347b1d2fd1e5fa1831) Importer(815301076,1909f56bfc062723c751e8b465ee728b)  -> (artifact id: '9ae13e2ccc923694f3bcedf1c8ce36c6') in 0.045196 seconds 
========================================================================
Received Import Request.
  Time since last request: 0.000034 seconds.
  path: Assets/ModularCityAlleyPack/Prefabs/Prefabs_Walls/Walls_B/LargeDoors/Wall_B_Brick_MetalDoorsHigh_4x.prefab
  artifactKey: Guid(09d56c825f1e23e4191361d847fa26b4) Importer(815301076,1909f56bfc062723c751e8b465ee728b)
Start importing Assets/ModularCityAlleyPack/Prefabs/Prefabs_Walls/Walls_B/LargeDoors/Wall_B_Brick_MetalDoorsHigh_4x.prefab using Guid(09d56c825f1e23e4191361d847fa26b4) Importer(815301076,1909f56bfc062723c751e8b465ee728b)  -> (artifact id: '95158c42b888cd6a2c99b2710b83d110') in 0.034104 seconds 
========================================================================
Received Import Request.
  Time since last request: 0.000021 seconds.
  path: Assets/ModularCityAlleyPack/Prefabs/Prefabs_Walls/Walls_B/LargeDoors/Wall_B_Brick_Shops_B_4x.prefab
  artifactKey: Guid(c5b6be5c7aa6b0b41bf210bbf6e5f707) Importer(815301076,1909f56bfc062723c751e8b465ee728b)
Start importing Assets/ModularCityAlleyPack/Prefabs/Prefabs_Walls/Walls_B/LargeDoors/Wall_B_Brick_Shops_B_4x.prefab using Guid(c5b6be5c7aa6b0b41bf210bbf6e5f707) Importer(815301076,1909f56bfc062723c751e8b465ee728b)  -> (artifact id: '467f215efc604cafd278d426d43a1303') in 0.039686 seconds 
========================================================================
Received Import Request.
  Time since last request: 0.360285 seconds.
  path: Assets/ModularCityAlleyPack/Prefabs/Prefabs_Walls/Walls_B/SmallDoors/Wall_B_Brick_Door_B_2x.prefab
  artifactKey: Guid(95ad2ee7e56bec84996b0abc30cd63c5) Importer(815301076,1909f56bfc062723c751e8b465ee728b)
Start importing Assets/ModularCityAlleyPack/Prefabs/Prefabs_Walls/Walls_B/SmallDoors/Wall_B_Brick_Door_B_2x.prefab using Guid(95ad2ee7e56bec84996b0abc30cd63c5) Importer(815301076,1909f56bfc062723c751e8b465ee728b)  -> (artifact id: '5e41f191fa627b89973bacfaf3d43869') in 0.027887 seconds 
========================================================================
Received Import Request.
  Time since last request: 0.000021 seconds.
  path: Assets/ModularCityAlleyPack/Prefabs/Prefabs_Walls/Walls_B/SmallDoors/Wall_B_Brick_Door_F_2x.prefab
  artifactKey: Guid(dd836e56cb0c41d4cbbdccf5fba219e5) Importer(815301076,1909f56bfc062723c751e8b465ee728b)
Start importing Assets/ModularCityAlleyPack/Prefabs/Prefabs_Walls/Walls_B/SmallDoors/Wall_B_Brick_Door_F_2x.prefab using Guid(dd836e56cb0c41d4cbbdccf5fba219e5) Importer(815301076,1909f56bfc062723c751e8b465ee728b)  -> (artifact id: '90bf2d0417ebd60a0eb7d1d4919cb3cf') in 0.064887 seconds 
========================================================================
Received Import Request.
  Time since last request: 0.338017 seconds.
  path: Assets/ModularCityAlleyPack/Prefabs/Prefabs_Walls/Walls_B/Walls_B/Wall_B_Brick_4x.prefab
  artifactKey: Guid(1455f032ef591624d9a840a1107196a9) Importer(815301076,1909f56bfc062723c751e8b465ee728b)
Start importing Assets/ModularCityAlleyPack/Prefabs/Prefabs_Walls/Walls_B/Walls_B/Wall_B_Brick_4x.prefab using Guid(1455f032ef591624d9a840a1107196a9) Importer(815301076,1909f56bfc062723c751e8b465ee728b)  -> (artifact id: '6cfb35762afc8a6c29ad8f71b4ee66ae') in 0.017637 seconds 
========================================================================
Received Import Request.
  Time since last request: 0.000018 seconds.
  path: Assets/ModularCityAlleyPack/Prefabs/Prefabs_Walls/Walls_B/Walls_B/Wall_B_Brick_6x.prefab
  artifactKey: Guid(421fecf72eee54a419c700ecee4c8e95) Importer(815301076,1909f56bfc062723c751e8b465ee728b)
Start importing Assets/ModularCityAlleyPack/Prefabs/Prefabs_Walls/Walls_B/Walls_B/Wall_B_Brick_6x.prefab using Guid(421fecf72eee54a419c700ecee4c8e95) Importer(815301076,1909f56bfc062723c751e8b465ee728b)  -> (artifact id: 'bbba36695633bd209b2d5138d729482b') in 0.019947 seconds 
========================================================================
Received Import Request.
  Time since last request: 0.387026 seconds.
  path: Assets/ModularCityAlleyPack/Prefabs/Prefabs_Walls/Walls_B/Windows/Wall_B_Brick_Window_C_2x.prefab
  artifactKey: Guid(cc9cdabbc4013a34ba97ce7539db6224) Importer(815301076,1909f56bfc062723c751e8b465ee728b)
Start importing Assets/ModularCityAlleyPack/Prefabs/Prefabs_Walls/Walls_B/Windows/Wall_B_Brick_Window_C_2x.prefab using Guid(cc9cdabbc4013a34ba97ce7539db6224) Importer(815301076,1909f56bfc062723c751e8b465ee728b)  -> (artifact id: '5bb64e1ada1b5961a4fd3d1a9d836d46') in 0.028229 seconds 
========================================================================
Received Import Request.
  Time since last request: 0.000024 seconds.
  path: Assets/ModularCityAlleyPack/Prefabs/Prefabs_Walls/Walls_B/Windows/Wall_B_Brick_Window_D_2x.prefab
  artifactKey: Guid(4743fe2847b61e04a971abd7370529ab) Importer(815301076,1909f56bfc062723c751e8b465ee728b)
Start importing Assets/ModularCityAlleyPack/Prefabs/Prefabs_Walls/Walls_B/Windows/Wall_B_Brick_Window_D_2x.prefab using Guid(4743fe2847b61e04a971abd7370529ab) Importer(815301076,1909f56bfc062723c751e8b465ee728b)  -> (artifact id: '71c43bdac1de010ef063f5f108d4e30c') in 0.033958 seconds 
========================================================================
Received Import Request.
  Time since last request: 0.000023 seconds.
  path: Assets/ModularCityAlleyPack/Prefabs/Prefabs_Walls/Walls_B/Windows/Wall_B_Brick_Window_H_2x.prefab
  artifactKey: Guid(a82033db7e640e64cbf14bdd789d0735) Importer(815301076,1909f56bfc062723c751e8b465ee728b)
Start importing Assets/ModularCityAlleyPack/Prefabs/Prefabs_Walls/Walls_B/Windows/Wall_B_Brick_Window_H_2x.prefab using Guid(a82033db7e640e64cbf14bdd789d0735) Importer(815301076,1909f56bfc062723c751e8b465ee728b)  -> (artifact id: '31bb68666b9b64719460b19cb47f1e17') in 0.039849 seconds 
========================================================================
Received Import Request.
  Time since last request: 2.723805 seconds.
  path: Assets/ModularCityAlleyPack/Prefabs/Prefabs_Walls/Walls_C/Windows/Wall_C_Brick_Window_C_2x.prefab
  artifactKey: Guid(51fef91ffbee47d4289604a7b27b72fe) Importer(815301076,1909f56bfc062723c751e8b465ee728b)
Start importing Assets/ModularCityAlleyPack/Prefabs/Prefabs_Walls/Walls_C/Windows/Wall_C_Brick_Window_C_2x.prefab using Guid(51fef91ffbee47d4289604a7b27b72fe) Importer(815301076,1909f56bfc062723c751e8b465ee728b)  -> (artifact id: '5d6f5c47cb46d4b98b8a0cd238891378') in 0.039044 seconds 
========================================================================
Received Import Request.
  Time since last request: 0.000045 seconds.
  path: Assets/ModularCityAlleyPack/Prefabs/Prefabs_Walls/Walls_C/Windows/Wall_C_Brick_Window_F_2x.prefab
  artifactKey: Guid(aee0d8e5261320440a8105c96d9664e0) Importer(815301076,1909f56bfc062723c751e8b465ee728b)
Start importing Assets/ModularCityAlleyPack/Prefabs/Prefabs_Walls/Walls_C/Windows/Wall_C_Brick_Window_F_2x.prefab using Guid(aee0d8e5261320440a8105c96d9664e0) Importer(815301076,1909f56bfc062723c751e8b465ee728b)  -> (artifact id: '06a6e9d273db0cb7f76290ec2f03ca50') in 0.044128 seconds 
========================================================================
Received Import Request.
  Time since last request: 0.000020 seconds.
  path: Assets/ModularCityAlleyPack/Prefabs/Prefabs_Walls/Walls_C/Windows/Wall_C_Brick_Window_D_2x.prefab
  artifactKey: Guid(5c92e25f253a50e43bb8ff6bbeb7ef09) Importer(815301076,1909f56bfc062723c751e8b465ee728b)
Start importing Assets/ModularCityAlleyPack/Prefabs/Prefabs_Walls/Walls_C/Windows/Wall_C_Brick_Window_D_2x.prefab using Guid(5c92e25f253a50e43bb8ff6bbeb7ef09) Importer(815301076,1909f56bfc062723c751e8b465ee728b)  -> (artifact id: '5a045b8b5c8aba0931192183f27e42f3') in 0.037309 seconds 
