Using pre-set license
Built from '2021.2/staging' branch; Version is '2021.2.7f1 (6bd9e232123f) revision 7068130'; Using compiler version '192829333'; Build Type 'Release'
OS: 'Windows 10  (10.0.19044) 64bit Core' Language: 'en' Physical Memory: 16333 MB
BatchMode: 1, IsHumanControllingUs: 0, StartBugReporterOnCrash: 0, Is64bit: 1, IsPro: 0

COMMAND LINE ARGUMENTS:
E:\Unity version\2021.2.7f1\Editor\Unity.exe
-adb2
-batchMode
-noUpm
-name
AssetImportWorker8
-projectPath
E:/GitHub/ProJect-3D/3D Horror Project
-logFile
Logs/AssetImportWorker8.log
-srvPort
59256
Successfully changed project path to: E:/GitHub/ProJect-3D/3D Horror Project
E:/GitHub/ProJect-3D/3D Horror Project
[UnityMemory] Configuration Parameters - Can be set up in boot.config
    "memorysetup-bucket-allocator-granularity=16"
    "memorysetup-bucket-allocator-bucket-count=8"
    "memorysetup-bucket-allocator-block-size=33554432"
    "memorysetup-bucket-allocator-block-count=8"
    "memorysetup-main-allocator-block-size=16777216"
    "memorysetup-thread-allocator-block-size=16777216"
    "memorysetup-gfx-main-allocator-block-size=16777216"
    "memorysetup-gfx-thread-allocator-block-size=16777216"
    "memorysetup-cache-allocator-block-size=4194304"
    "memorysetup-typetree-allocator-block-size=2097152"
    "memorysetup-profiler-bucket-allocator-granularity=16"
    "memorysetup-profiler-bucket-allocator-bucket-count=8"
    "memorysetup-profiler-bucket-allocator-block-size=33554432"
    "memorysetup-profiler-bucket-allocator-block-count=8"
    "memorysetup-profiler-allocator-block-size=16777216"
    "memorysetup-profiler-editor-allocator-block-size=1048576"
    "memorysetup-temp-allocator-size-main=16777216"
    "memorysetup-job-temp-allocator-block-size=2097152"
    "memorysetup-job-temp-allocator-block-size-background=1048576"
    "memorysetup-job-temp-allocator-reduction-small-platforms=262144"
    "memorysetup-temp-allocator-size-background-worker=32768"
    "memorysetup-temp-allocator-size-job-worker=262144"
    "memorysetup-temp-allocator-size-preload-manager=33554432"
    "memorysetup-temp-allocator-size-nav-mesh-worker=65536"
    "memorysetup-temp-allocator-size-audio-worker=65536"
    "memorysetup-temp-allocator-size-cloud-worker=32768"
    "memorysetup-temp-allocator-size-gi-baking-worker=262144"
    "memorysetup-temp-allocator-size-gfx=262144"
Refreshing native plugins compatible for Editor in 95.28 ms, found 3 plugins.
Preloading 0 native plugins for Editor in 0.00 ms.
Initialize engine version: 2021.2.7f1 (6bd9e232123f)
[Subsystems] Discovering subsystems at path E:/Unity version/2021.2.7f1/Editor/Data/Resources/UnitySubsystems
[Subsystems] Discovering subsystems at path E:/GitHub/ProJect-3D/3D Horror Project/Assets
GfxDevice: creating device client; threaded=0; jobified=0
Direct3D:
    Version:  Direct3D 11.0 [level 11.1]
    Renderer: NVIDIA GeForce GTX 1660 (ID=0x2184)
    Vendor:   NVIDIA
    VRAM:     5991 MB
    Driver:   30.0.15.1179
Initialize mono
Mono path[0] = 'E:/Unity version/2021.2.7f1/Editor/Data/Managed'
Mono path[1] = 'E:/Unity version/2021.2.7f1/Editor/Data/MonoBleedingEdge/lib/mono/unityjit-win32'
Mono config path = 'E:/Unity version/2021.2.7f1/Editor/Data/MonoBleedingEdge/etc'
Using monoOptions --debugger-agent=transport=dt_socket,embedding=1,server=y,suspend=n,address=127.0.0.1:56300
Begin MonoManager ReloadAssembly
Registering precompiled unity dll's ...
Register platform support module: E:/Unity version/2021.2.7f1/Editor/Data/PlaybackEngines/WindowsStandaloneSupport/UnityEditor.WindowsStandalone.Extensions.dll
Registered in 0.002473 seconds.
Native extension for WindowsStandalone target not found
Refreshing native plugins compatible for Editor in 73.22 ms, found 3 plugins.
Preloading 0 native plugins for Editor in 0.00 ms.
Mono: successfully reloaded assembly
- Completed reload, in  0.526 seconds
Domain Reload Profiling:
	ReloadAssembly (527ms)
		BeginReloadAssembly (76ms)
			ExecutionOrderSort (0ms)
			DisableScriptedObjects (0ms)
			BackupInstance (0ms)
			ReleaseScriptingObjects (0ms)
			CreateAndSetChildDomain (1ms)
		EndReloadAssembly (388ms)
			LoadAssemblies (76ms)
			RebuildTransferFunctionScriptingTraits (0ms)
			SetupTypeCache (89ms)
			ReleaseScriptCaches (0ms)
			RebuildScriptCaches (23ms)
			SetupLoadedEditorAssemblies (234ms)
				LogAssemblyErrors (0ms)
				InitializePlatformSupportModulesInManaged (13ms)
				SetLoadedEditorAssemblies (0ms)
				RefreshPlugins (73ms)
				BeforeProcessingInitializeOnLoad (1ms)
				ProcessInitializeOnLoadAttributes (108ms)
				ProcessInitializeOnLoadMethodAttributes (38ms)
				AfterProcessingInitializeOnLoad (0ms)
				EditorAssembliesLoaded (0ms)
			ExecutionOrderSort2 (0ms)
			AwakeInstancesAfterBackupRestoration (0ms)
Platform modules already initialized, skipping
Registering precompiled user dll's ...
Registered in 0.005364 seconds.
Begin MonoManager ReloadAssembly
Symbol file LoadedFromMemory doesn't match image E:\GitHub\ProJect-3D\3D Horror Project\Library\PackageCache\com.unity.visualscripting@1.7.6\Editor\VisualScripting.Core\Dependencies\YamlDotNet\Unity.VisualScripting.YamlDotNet.dll
Symbol file LoadedFromMemory doesn't match image E:\GitHub\ProJect-3D\3D Horror Project\Library\PackageCache\com.unity.visualscripting@1.7.6\Editor\VisualScripting.Core\Dependencies\DotNetZip\Unity.VisualScripting.IonicZip.dll
Native extension for WindowsStandalone target not found
Refreshing native plugins compatible for Editor in 0.68 ms, found 3 plugins.
Preloading 0 native plugins for Editor in 0.00 ms.
Mono: successfully reloaded assembly
- Completed reload, in  0.841 seconds
Domain Reload Profiling:
	ReloadAssembly (842ms)
		BeginReloadAssembly (118ms)
			ExecutionOrderSort (0ms)
			DisableScriptedObjects (5ms)
			BackupInstance (0ms)
			ReleaseScriptingObjects (0ms)
			CreateAndSetChildDomain (18ms)
		EndReloadAssembly (642ms)
			LoadAssemblies (92ms)
			RebuildTransferFunctionScriptingTraits (0ms)
			SetupTypeCache (219ms)
			ReleaseScriptCaches (1ms)
			RebuildScriptCaches (41ms)
			SetupLoadedEditorAssemblies (288ms)
				LogAssemblyErrors (0ms)
				InitializePlatformSupportModulesInManaged (9ms)
				SetLoadedEditorAssemblies (0ms)
				RefreshPlugins (1ms)
				BeforeProcessingInitializeOnLoad (63ms)
				ProcessInitializeOnLoadAttributes (192ms)
				ProcessInitializeOnLoadMethodAttributes (19ms)
				AfterProcessingInitializeOnLoad (3ms)
				EditorAssembliesLoaded (0ms)
			ExecutionOrderSort2 (0ms)
			AwakeInstancesAfterBackupRestoration (5ms)
Platform modules already initialized, skipping
========================================================================
Worker process is ready to serve import requests
Launched and connected shader compiler UnityShaderCompiler.exe after 0.05 seconds
Refreshing native plugins compatible for Editor in 0.70 ms, found 3 plugins.
Preloading 0 native plugins for Editor in 0.00 ms.
Unloading 3217 Unused Serialized files (Serialized files now loaded: 0)
Unloading 24 unused Assets / (55.6 KB). Loaded Objects now: 3675.
Memory consumption went from 114.3 MB to 114.2 MB.
Total: 3.053800 ms (FindLiveObjects: 0.328000 ms CreateObjectMapping: 0.086500 ms MarkObjects: 2.527400 ms  DeleteObjects: 0.110900 ms)

AssetImportParameters requested are different than current active one (requested -> active):
  custom:video-decoder-ogg-theora: a1e56fd34408186e4bbccfd4996cb3dc -> 
  custom:container-muxer-webm: aa71ff27fc2769a1b78a27578f13a17b -> 
  custom:container-demuxer-webm: 4f35f7cbe854078d1ac9338744f61a02 -> 
  custom:video-encoder-webm-vp8: eb34c28f22e8b96e1ab97ce403110664 -> 
  custom:audio-encoder-webm-vorbis: bf7c407c2cedff20999df2af8eb42d56 -> 
  custom:framework-win-MediaFoundation: 216162199b28c13a410421893ffa2e32 -> 
  custom:container-demuxer-ogg: 62fdf1f143b41e24485cea50d1cbac27 -> 
  custom:video-decoder-webm-vp8: 9c59270c3fd7afecdb556c50c9e8de78 -> 
  custom:audio-decoder-ogg-vorbis: bf7c407c2cedff20999df2af8eb42d56 -> 
========================================================================
Received Import Request.
  Time since last request: 75697.597086 seconds.
  path: Assets/ModularCityAlleyPack/Prefabs/Prefabs_Walls/Walls_B/CornersPilars/Wall_B_Brick_CornerIn_1x.prefab
  artifactKey: Guid(a750c68907605d04aa6563499676e6d8) Importer(815301076,1909f56bfc062723c751e8b465ee728b)
Start importing Assets/ModularCityAlleyPack/Prefabs/Prefabs_Walls/Walls_B/CornersPilars/Wall_B_Brick_CornerIn_1x.prefab using Guid(a750c68907605d04aa6563499676e6d8) Importer(815301076,1909f56bfc062723c751e8b465ee728b)  -> (artifact id: 'd1e8c3ec6b46f0b624a78431c696b965') in 0.138424 seconds 
========================================================================
Received Import Request.
  Time since last request: 0.710316 seconds.
  path: Assets/ModularCityAlleyPack/Prefabs/Prefabs_Walls/Walls_B/LargeDoors/W_B_DoorOpen_4x.prefab
  artifactKey: Guid(0498251bd402f024cacd71da699900db) Importer(815301076,1909f56bfc062723c751e8b465ee728b)
Start importing Assets/ModularCityAlleyPack/Prefabs/Prefabs_Walls/Walls_B/LargeDoors/W_B_DoorOpen_4x.prefab using Guid(0498251bd402f024cacd71da699900db) Importer(815301076,1909f56bfc062723c751e8b465ee728b)  -> (artifact id: 'f0c76282a3c1b422a2827c0706d36d34') in 0.031989 seconds 
========================================================================
Received Import Request.
  Time since last request: 0.000020 seconds.
  path: Assets/ModularCityAlleyPack/Prefabs/Prefabs_Walls/Walls_B/LargeDoors/Wall_B_Brick_MetalDoors_6x.prefab
  artifactKey: Guid(37c270a4e7cb1614e92ac9b24648758a) Importer(815301076,1909f56bfc062723c751e8b465ee728b)
Start importing Assets/ModularCityAlleyPack/Prefabs/Prefabs_Walls/Walls_B/LargeDoors/Wall_B_Brick_MetalDoors_6x.prefab using Guid(37c270a4e7cb1614e92ac9b24648758a) Importer(815301076,1909f56bfc062723c751e8b465ee728b)  -> (artifact id: 'fcec2a9ddbd84367703a1a4fc6eea89c') in 0.050556 seconds 
========================================================================
Received Import Request.
  Time since last request: 0.000027 seconds.
  path: Assets/ModularCityAlleyPack/Prefabs/Prefabs_Walls/Walls_B/LargeDoors/Wall_B_Brick_Shops_A_4x.prefab
  artifactKey: Guid(4a9fbc521806ca346b24cdaa2a6a002c) Importer(815301076,1909f56bfc062723c751e8b465ee728b)
Start importing Assets/ModularCityAlleyPack/Prefabs/Prefabs_Walls/Walls_B/LargeDoors/Wall_B_Brick_Shops_A_4x.prefab using Guid(4a9fbc521806ca346b24cdaa2a6a002c) Importer(815301076,1909f56bfc062723c751e8b465ee728b)  -> (artifact id: '4e1287422a67d4a32af6b0b73e292302') in 0.044103 seconds 
========================================================================
Received Import Request.
  Time since last request: 0.000031 seconds.
  path: Assets/ModularCityAlleyPack/Prefabs/Prefabs_Walls/Walls_B/LargeDoors/Wall_B_Brick_DoorRoll_D_4x.prefab
  artifactKey: Guid(1c0aaa815eabc4441a171b38ac791a28) Importer(815301076,1909f56bfc062723c751e8b465ee728b)
Start importing Assets/ModularCityAlleyPack/Prefabs/Prefabs_Walls/Walls_B/LargeDoors/Wall_B_Brick_DoorRoll_D_4x.prefab using Guid(1c0aaa815eabc4441a171b38ac791a28) Importer(815301076,1909f56bfc062723c751e8b465ee728b)  -> (artifact id: '1313a5d95933b10f85fa24f50256f8f1') in 0.029758 seconds 
========================================================================
Received Import Request.
  Time since last request: 0.353475 seconds.
  path: Assets/ModularCityAlleyPack/Prefabs/Prefabs_Walls/Walls_B/SmallDoors/W_B_DoorOpen_2x.prefab
  artifactKey: Guid(2718511d6b10baa4697222621159bd5c) Importer(815301076,1909f56bfc062723c751e8b465ee728b)
Start importing Assets/ModularCityAlleyPack/Prefabs/Prefabs_Walls/Walls_B/SmallDoors/W_B_DoorOpen_2x.prefab using Guid(2718511d6b10baa4697222621159bd5c) Importer(815301076,1909f56bfc062723c751e8b465ee728b)  -> (artifact id: '2e0112d2b7d4223ac2fff36a0d707c04') in 0.021883 seconds 
========================================================================
Received Import Request.
  Time since last request: 0.000018 seconds.
  path: Assets/ModularCityAlleyPack/Prefabs/Prefabs_Walls/Walls_B/SmallDoors/Wall_B_Brick_Door_C_2x.prefab
  artifactKey: Guid(6675c317ff10b0849bcee0da58e7f627) Importer(815301076,1909f56bfc062723c751e8b465ee728b)
Start importing Assets/ModularCityAlleyPack/Prefabs/Prefabs_Walls/Walls_B/SmallDoors/Wall_B_Brick_Door_C_2x.prefab using Guid(6675c317ff10b0849bcee0da58e7f627) Importer(815301076,1909f56bfc062723c751e8b465ee728b)  -> (artifact id: '053e306f0770c5ae61a58abb3de24dbd') in 0.057609 seconds 
========================================================================
Received Import Request.
  Time since last request: 0.000035 seconds.
  path: Assets/ModularCityAlleyPack/Prefabs/Prefabs_Walls/Walls_B/SmallDoors/Wall_B_Brick_Door_E_2x.prefab
  artifactKey: Guid(e63b3b7c640a420429aac2e3485549e4) Importer(815301076,1909f56bfc062723c751e8b465ee728b)
Start importing Assets/ModularCityAlleyPack/Prefabs/Prefabs_Walls/Walls_B/SmallDoors/Wall_B_Brick_Door_E_2x.prefab using Guid(e63b3b7c640a420429aac2e3485549e4) Importer(815301076,1909f56bfc062723c751e8b465ee728b)  -> (artifact id: '49c8db9a6f2ace56f66c4dcc5d09978a') in 0.034881 seconds 
========================================================================
Received Import Request.
  Time since last request: 0.312413 seconds.
  path: Assets/ModularCityAlleyPack/Prefabs/Prefabs_Walls/Walls_B/Walls_B/Wall_B_Brick_1x.prefab
  artifactKey: Guid(975372f8249a8334f9a2b6540d6f2b3c) Importer(815301076,1909f56bfc062723c751e8b465ee728b)
Start importing Assets/ModularCityAlleyPack/Prefabs/Prefabs_Walls/Walls_B/Walls_B/Wall_B_Brick_1x.prefab using Guid(975372f8249a8334f9a2b6540d6f2b3c) Importer(815301076,1909f56bfc062723c751e8b465ee728b)  -> (artifact id: '0b57d699211b793847edc6eea8a64bed') in 0.018293 seconds 
========================================================================
Received Import Request.
  Time since last request: 0.000016 seconds.
  path: Assets/ModularCityAlleyPack/Prefabs/Prefabs_Walls/Walls_B/Walls_B/Wall_B_Brick_TriangleIn_6x.prefab
  artifactKey: Guid(e37d6545df7e3fc44bf4d3ad67b1a5fb) Importer(815301076,1909f56bfc062723c751e8b465ee728b)
Start importing Assets/ModularCityAlleyPack/Prefabs/Prefabs_Walls/Walls_B/Walls_B/Wall_B_Brick_TriangleIn_6x.prefab using Guid(e37d6545df7e3fc44bf4d3ad67b1a5fb) Importer(815301076,1909f56bfc062723c751e8b465ee728b)  -> (artifact id: 'd63cc546dbed82a7b1c54b271b47cec3') in 0.019125 seconds 
========================================================================
Received Import Request.
  Time since last request: 0.386653 seconds.
  path: Assets/ModularCityAlleyPack/Prefabs/Prefabs_Walls/Walls_B/Windows/Wall_B_Brick_Window_A_2x.prefab
  artifactKey: Guid(091938c1a96f1164b9c3ffe561f0ee56) Importer(815301076,1909f56bfc062723c751e8b465ee728b)
Start importing Assets/ModularCityAlleyPack/Prefabs/Prefabs_Walls/Walls_B/Windows/Wall_B_Brick_Window_A_2x.prefab using Guid(091938c1a96f1164b9c3ffe561f0ee56) Importer(815301076,1909f56bfc062723c751e8b465ee728b)  -> (artifact id: '2dc040b0a1dfef793bc64f849514a496') in 0.025754 seconds 
========================================================================
Received Import Request.
  Time since last request: 0.000016 seconds.
  path: Assets/ModularCityAlleyPack/Prefabs/Prefabs_Walls/Walls_B/Windows/Wall_B_Brick_Window_E_2x.prefab
  artifactKey: Guid(a70abbd424454aa4aa439c4999e0fcfb) Importer(815301076,1909f56bfc062723c751e8b465ee728b)
Start importing Assets/ModularCityAlleyPack/Prefabs/Prefabs_Walls/Walls_B/Windows/Wall_B_Brick_Window_E_2x.prefab using Guid(a70abbd424454aa4aa439c4999e0fcfb) Importer(815301076,1909f56bfc062723c751e8b465ee728b)  -> (artifact id: 'f7bf5e228cba6896f5d536004b79a00b') in 0.034788 seconds 
========================================================================
Received Import Request.
  Time since last request: 0.000019 seconds.
  path: Assets/ModularCityAlleyPack/Prefabs/Prefabs_Walls/Walls_B/Windows/Wall_B_Brick_Window_J_2x.prefab
  artifactKey: Guid(34d3661ffe9fdc3449a20aeb5b028d0b) Importer(815301076,1909f56bfc062723c751e8b465ee728b)
Start importing Assets/ModularCityAlleyPack/Prefabs/Prefabs_Walls/Walls_B/Windows/Wall_B_Brick_Window_J_2x.prefab using Guid(34d3661ffe9fdc3449a20aeb5b028d0b) Importer(815301076,1909f56bfc062723c751e8b465ee728b)  -> (artifact id: 'e3eba79972ea8bdd68ec99d6d192912b') in 0.035151 seconds 
========================================================================
Received Import Request.
  Time since last request: 2.732156 seconds.
  path: Assets/ModularCityAlleyPack/Prefabs/Prefabs_Walls/Walls_C/Windows/Wall_C_Brick_Window_A_2x.prefab
  artifactKey: Guid(e3018c07015ec34449da8a257028c318) Importer(815301076,1909f56bfc062723c751e8b465ee728b)
Start importing Assets/ModularCityAlleyPack/Prefabs/Prefabs_Walls/Walls_C/Windows/Wall_C_Brick_Window_A_2x.prefab using Guid(e3018c07015ec34449da8a257028c318) Importer(815301076,1909f56bfc062723c751e8b465ee728b)  -> (artifact id: '9120eb4a9a79f652efddbe0ea91e597e') in 0.035375 seconds 
========================================================================
Received Import Request.
  Time since last request: 0.000025 seconds.
  path: Assets/ModularCityAlleyPack/Prefabs/Prefabs_Walls/Walls_C/Windows/Wall_C_Brick_Window_H_2x.prefab
  artifactKey: Guid(1db1f76058ec27045939e50d24d0d230) Importer(815301076,1909f56bfc062723c751e8b465ee728b)
Start importing Assets/ModularCityAlleyPack/Prefabs/Prefabs_Walls/Walls_C/Windows/Wall_C_Brick_Window_H_2x.prefab using Guid(1db1f76058ec27045939e50d24d0d230) Importer(815301076,1909f56bfc062723c751e8b465ee728b)  -> (artifact id: '533681cac340c5c271562dfc924c3b7d') in 0.043564 seconds 
========================================================================
Received Import Request.
  Time since last request: 0.000028 seconds.
  path: Assets/ModularCityAlleyPack/Prefabs/Prefabs_Walls/Walls_C/Windows/Wall_C_Brick_Window_G_1x.prefab
  artifactKey: Guid(baac61046c8c46547bf48caeb5741a64) Importer(815301076,1909f56bfc062723c751e8b465ee728b)
Start importing Assets/ModularCityAlleyPack/Prefabs/Prefabs_Walls/Walls_C/Windows/Wall_C_Brick_Window_G_1x.prefab using Guid(baac61046c8c46547bf48caeb5741a64) Importer(815301076,1909f56bfc062723c751e8b465ee728b)  -> (artifact id: 'a44a5eda88b83ebe0d661efee0b92c5d') in 0.028552 seconds 
========================================================================
Received Import Request.
  Time since last request: 0.000062 seconds.
  path: Assets/ModularCityAlleyPack/Prefabs/Prefabs_Walls/Walls_C/Windows/Wall_C_Brick_Window_E_2x.prefab
  artifactKey: Guid(d4204183b6cb9c74fa6498d0fc83ccc4) Importer(815301076,1909f56bfc062723c751e8b465ee728b)
Start importing Assets/ModularCityAlleyPack/Prefabs/Prefabs_Walls/Walls_C/Windows/Wall_C_Brick_Window_E_2x.prefab using Guid(d4204183b6cb9c74fa6498d0fc83ccc4) Importer(815301076,1909f56bfc062723c751e8b465ee728b)  -> (artifact id: 'd107b4099b59a3824bfad2cd6675d585') in 0.027189 seconds 
